# JRE version: Java(TM) SE Runtime Environment (7.0_40-b43) (build 1.7.0_40-b43)
# Java VM: Java HotSpot(TM) 64-Bit Server VM (24.0-b56 mixed mode linux-amd64 compressed oops)
Heap
 PSYoungGen      total 21504K, used 12820K [0x00000000ecc80000, 0x00000000eef80000, 0x0000000100000000)
  eden space 19456K, 55% used [0x00000000ecc80000,0x00000000ed70d050,0x00000000edf80000)
  from space 2048K, 98% used [0x00000000eed80000,0x00000000eef78040,0x00000000eef80000)
  to   space 2048K, 0% used [0x00000000eeb80000,0x00000000eeb80000,0x00000000eed80000)
 ParOldGen       total 68608K, used 31824K [0x00000000c6600000, 0x00000000ca900000, 0x00000000ecc80000)
  object space 68608K, 46% used [0x00000000c6600000,0x00000000c85143e0,0x00000000ca900000)
 PSPermGen       total 33280K, used 17571K [0x00000000c1400000, 0x00000000c3480000, 0x00000000c6600000)
  object space 33280K, 52% used [0x00000000c1400000,0x00000000c2528cc0,0x00000000c3480000)
GC Heap History (10 events):
Event: 5.379 GC heap before
{Heap before GC invocations=1 (full 0):
 PSYoungGen      total 17920K, used 13665K [0x00000000ecc80000, 0x00000000ee000000, 0x0000000100000000)
  eden space 15872K, 86% used [0x00000000ecc80000,0x00000000ed9d8718,0x00000000edc00000)
  from space 2048K, 0% used [0x00000000ede00000,0x00000000ede00000,0x00000000ee000000)
  to   space 2048K, 0% used [0x00000000edc00000,0x00000000edc00000,0x00000000ede00000)
 ParOldGen       total 38912K, used 0K [0x00000000c6600000, 0x00000000c8c00000, 0x00000000ecc80000)
  object space 38912K, 0% used [0x00000000c6600000,0x00000000c6600000,0x00000000c8c00000)
 PSPermGen       total 21504K, used 10815K [0x00000000c1400000, 0x00000000c2900000, 0x00000000c6600000)
  object space 21504K, 50% used [0x00000000c1400000,0x00000000c1e8ffa0,0x00000000c2900000)
Event: 5.409 GC heap after
Heap after GC invocations=1 (full 0):
 PSYoungGen      total 17920K, used 2037K [0x00000000ecc80000, 0x00000000ee000000, 0x0000000100000000)
  eden space 15872K, 0% used [0x00000000ecc80000,0x00000000ecc80000,0x00000000edc00000)
  from space 2048K, 99% used [0x00000000edc00000,0x00000000eddfd628,0x00000000ede00000)
  to   space 2048K, 0% used [0x00000000ede00000,0x00000000ede00000,0x00000000ee000000)
 ParOldGen       total 38912K, used 737K [0x00000000c6600000, 0x00000000c8c00000, 0x00000000ecc80000)
  object space 38912K, 1% used [0x00000000c6600000,0x00000000c66b84e0,0x00000000c8c00000)
 PSPermGen       total 21504K, used 10815K [0x00000000c1400000, 0x00000000c2900000, 0x00000000c6600000)
  object space 21504K, 50% used [0x00000000c1400000,0x00000000c1e8ffa0,0x00000000c2900000)
}
Event: 7.598 GC heap before
{Heap before GC invocations=2 (full 0):
 PSYoungGen      total 17920K, used 17909K [0x00000000ecc80000, 0x00000000ee000000, 0x0000000100000000)
  eden space 15872K, 100% used [0x00000000ecc80000,0x00000000edc00000,0x00000000edc00000)
  from space 2048K, 99% used [0x00000000edc00000,0x00000000eddfd628,0x00000000ede00000)
  to   space 2048K, 0% used [0x00000000ede00000,0x00000000ede00000,0x00000000ee000000)
 ParOldGen       total 38912K, used 737K [0x00000000c6600000, 0x00000000c8c00000, 0x00000000ecc80000)
  object space 38912K, 1% used [0x00000000c6600000,0x00000000c66b84e0,0x00000000c8c00000)
 PSPermGen       total 21504K, used 16071K [0x00000000c1400000, 0x00000000c2900000, 0x00000000c6600000)
  object space 21504K, 74% used [0x00000000c1400000,0x00000000c23b1d90,0x00000000c2900000)
Event: 7.644 GC heap after
Heap after GC invocations=2 (full 0):
 PSYoungGen      total 17920K, used 2018K [0x00000000ecc80000, 0x00000000eef80000, 0x0000000100000000)
  eden space 15872K, 0% used [0x00000000ecc80000,0x00000000ecc80000,0x00000000edc00000)
  from space 2048K, 98% used [0x00000000ede00000,0x00000000edff8850,0x00000000ee000000)
  to   space 2048K, 0% used [0x00000000edc00000,0x00000000edc00000,0x00000000ede00000)
 ParOldGen       total 38912K, used 6476K [0x00000000c6600000, 0x00000000c8c00000, 0x00000000ecc80000)
  object space 38912K, 16% used [0x00000000c6600000,0x00000000c6c530b0,0x00000000c8c00000)
 PSPermGen       total 21504K, used 16071K [0x00000000c1400000, 0x00000000c2900000, 0x00000000c6600000)
  object space 21504K, 74% used [0x00000000c1400000,0x00000000c23b1d90,0x00000000c2900000)
}
Event: 9.886 GC heap before
{Heap before GC invocations=3 (full 0):
 PSYoungGen      total 17920K, used 17890K [0x00000000ecc80000, 0x00000000eef80000, 0x0000000100000000)
  eden space 15872K, 100% used [0x00000000ecc80000,0x00000000edc00000,0x00000000edc00000)
  from space 2048K, 98% used [0x00000000ede00000,0x00000000edff8850,0x00000000ee000000)
  to   space 2048K, 0% used [0x00000000edc00000,0x00000000edc00000,0x00000000ede00000)
 ParOldGen       total 38912K, used 6476K [0x00000000c6600000, 0x00000000c8c00000, 0x00000000ecc80000)
  object space 38912K, 16% used [0x00000000c6600000,0x00000000c6c530b0,0x00000000c8c00000)
 PSPermGen       total 21504K, used 16516K [0x00000000c1400000, 0x00000000c2900000, 0x00000000c6600000)
  object space 21504K, 76% used [0x00000000c1400000,0x00000000c24212e8,0x00000000c2900000)
Event: 9.978 GC heap after
Heap after GC invocations=3 (full 0):
 PSYoungGen      total 17920K, used 2018K [0x00000000ecc80000, 0x00000000eef80000, 0x0000000100000000)
  eden space 15872K, 0% used [0x00000000ecc80000,0x00000000ecc80000,0x00000000edc00000)
  from space 2048K, 98% used [0x00000000edc00000,0x00000000eddf8870,0x00000000ede00000)
  to   space 2048K, 0% used [0x00000000eed80000,0x00000000eed80000,0x00000000eef80000)
 ParOldGen       total 38912K, used 22889K [0x00000000c6600000, 0x00000000c8c00000, 0x00000000ecc80000)
  object space 38912K, 58% used [0x00000000c6600000,0x00000000c7c5a6d0,0x00000000c8c00000)
 PSPermGen       total 21504K, used 16516K [0x00000000c1400000, 0x00000000c2900000, 0x00000000c6600000)
  object space 21504K, 76% used [0x00000000c1400000,0x00000000c24212e8,0x00000000c2900000)
}
Event: 9.978 GC heap before
{Heap before GC invocations=4 (full 1):
 PSYoungGen      total 17920K, used 2018K [0x00000000ecc80000, 0x00000000eef80000, 0x0000000100000000)
  eden space 15872K, 0% used [0x00000000ecc80000,0x00000000ecc80000,0x00000000edc00000)
  from space 2048K, 98% used [0x00000000edc00000,0x00000000eddf8870,0x00000000ede00000)
  to   space 2048K, 0% used [0x00000000eed80000,0x00000000eed80000,0x00000000eef80000)
 ParOldGen       total 38912K, used 22889K [0x00000000c6600000, 0x00000000c8c00000, 0x00000000ecc80000)
  object space 38912K, 58% used [0x00000000c6600000,0x00000000c7c5a6d0,0x00000000c8c00000)
 PSPermGen       total 21504K, used 16516K [0x00000000c1400000, 0x00000000c2900000, 0x00000000c6600000)
  object space 21504K, 76% used [0x00000000c1400000,0x00000000c24212e8,0x00000000c2900000)
Event: 10.646 GC heap after
Heap after GC invocations=4 (full 1):
 PSYoungGen      total 17920K, used 0K [0x00000000ecc80000, 0x00000000eef80000, 0x0000000100000000)
  eden space 15872K, 0% used [0x00000000ecc80000,0x00000000ecc80000,0x00000000edc00000)
  from space 2048K, 0% used [0x00000000edc00000,0x00000000edc00000,0x00000000ede00000)
  to   space 2048K, 0% used [0x00000000eed80000,0x00000000eed80000,0x00000000eef80000)
 ParOldGen       total 68608K, used 21505K [0x00000000c6600000, 0x00000000ca900000, 0x00000000ecc80000)
  object space 68608K, 31% used [0x00000000c6600000,0x00000000c7b00730,0x00000000ca900000)
 PSPermGen       total 33280K, used 16512K [0x00000000c1400000, 0x00000000c3480000, 0x00000000c6600000)
  object space 33280K, 49% used [0x00000000c1400000,0x00000000c2420200,0x00000000c3480000)
}
Event: 19.260 GC heap before
{Heap before GC invocations=5 (full 1):
 PSYoungGen      total 17920K, used 15600K [0x00000000ecc80000, 0x00000000eef80000, 0x0000000100000000)
  eden space 15872K, 98% used [0x00000000ecc80000,0x00000000edbbc038,0x00000000edc00000)
  from space 2048K, 0% used [0x00000000edc00000,0x00000000edc00000,0x00000000ede00000)
  to   space 2048K, 0% used [0x00000000eed80000,0x00000000eed80000,0x00000000eef80000)
 ParOldGen       total 68608K, used 21505K [0x00000000c6600000, 0x00000000ca900000, 0x00000000ecc80000)
  object space 68608K, 31% used [0x00000000c6600000,0x00000000c7b00730,0x00000000ca900000)
 PSPermGen       total 33280K, used 16609K [0x00000000c1400000, 0x00000000c3480000, 0x00000000c6600000)
  object space 33280K, 49% used [0x00000000c1400000,0x00000000c2438540,0x00000000c3480000)
Event: 19.315 GC heap after
Heap after GC invocations=5 (full 1):
 PSYoungGen      total 21504K, used 2016K [0x00000000ecc80000, 0x00000000eef80000, 0x0000000100000000)
  eden space 19456K, 0% used [0x00000000ecc80000,0x00000000ecc80000,0x00000000edf80000)
  from space 2048K, 98% used [0x00000000eed80000,0x00000000eef78040,0x00000000eef80000)
  to   space 2048K, 0% used [0x00000000eeb80000,0x00000000eeb80000,0x00000000eed80000)
 ParOldGen       total 68608K, used 31824K [0x00000000c6600000, 0x00000000ca900000, 0x00000000ecc80000)
  object space 68608K, 46% used [0x00000000c6600000,0x00000000c85143e0,0x00000000ca900000)
 PSPermGen       total 33280K, used 16609K [0x00000000c1400000, 0x00000000c3480000, 0x00000000c6600000)
  object space 33280K, 49% used [0x00000000c1400000,0x00000000c2438540,0x00000000c3480000)
}

