# JRE version: Java(TM) SE Runtime Environment (7.0_40-b43) (build 1.7.0_40-b43)
# Java VM: Java HotSpot(TM) 64-Bit Server VM (24.0-b56 mixed mode linux-amd64 compressed oops)
Heap
 PSYoungGen      total 22016K, used 10642K [0x00000000ecc80000, 0x00000000eef80000, 0x0000000100000000)
  eden space 19968K, 43% used [0x00000000ecc80000,0x00000000ed4e8b18,0x00000000ee000000)
  from space 2048K, 99% used [0x00000000eed80000,0x00000000eef7c010,0x00000000eef80000)
  to   space 2048K, 0% used [0x00000000eeb80000,0x00000000eeb80000,0x00000000eed80000)
 ParOldGen       total 68608K, used 32048K [0x00000000c6600000, 0x00000000ca900000, 0x00000000ecc80000)
  object space 68608K, 46% used [0x00000000c6600000,0x00000000c854c3b0,0x00000000ca900000)
 PSPermGen       total 33280K, used 17543K [0x00000000c1400000, 0x00000000c3480000, 0x00000000c6600000)
  object space 33280K, 52% used [0x00000000c1400000,0x00000000c2521c28,0x00000000c3480000)
GC Heap History (10 events):
Event: 5.490 GC heap before
{Heap before GC invocations=1 (full 0):
 PSYoungGen      total 17920K, used 14937K [0x00000000ecc80000, 0x00000000ee000000, 0x0000000100000000)
  eden space 15872K, 94% used [0x00000000ecc80000,0x00000000edb166e0,0x00000000edc00000)
  from space 2048K, 0% used [0x00000000ede00000,0x00000000ede00000,0x00000000ee000000)
  to   space 2048K, 0% used [0x00000000edc00000,0x00000000edc00000,0x00000000ede00000)
 ParOldGen       total 38912K, used 0K [0x00000000c6600000, 0x00000000c8c00000, 0x00000000ecc80000)
  object space 38912K, 0% used [0x00000000c6600000,0x00000000c6600000,0x00000000c8c00000)
 PSPermGen       total 21504K, used 11056K [0x00000000c1400000, 0x00000000c2900000, 0x00000000c6600000)
  object space 21504K, 51% used [0x00000000c1400000,0x00000000c1ecc170,0x00000000c2900000)
Event: 5.512 GC heap after
Heap after GC invocations=1 (full 0):
 PSYoungGen      total 17920K, used 2042K [0x00000000ecc80000, 0x00000000ee000000, 0x0000000100000000)
  eden space 15872K, 0% used [0x00000000ecc80000,0x00000000ecc80000,0x00000000edc00000)
  from space 2048K, 99% used [0x00000000edc00000,0x00000000eddfe8f0,0x00000000ede00000)
  to   space 2048K, 0% used [0x00000000ede00000,0x00000000ede00000,0x00000000ee000000)
 ParOldGen       total 38912K, used 822K [0x00000000c6600000, 0x00000000c8c00000, 0x00000000ecc80000)
  object space 38912K, 2% used [0x00000000c6600000,0x00000000c66cd910,0x00000000c8c00000)
 PSPermGen       total 21504K, used 11056K [0x00000000c1400000, 0x00000000c2900000, 0x00000000c6600000)
  object space 21504K, 51% used [0x00000000c1400000,0x00000000c1ecc170,0x00000000c2900000)
}
Event: 8.336 GC heap before
{Heap before GC invocations=2 (full 0):
 PSYoungGen      total 17920K, used 17914K [0x00000000ecc80000, 0x00000000ee000000, 0x0000000100000000)
  eden space 15872K, 100% used [0x00000000ecc80000,0x00000000edc00000,0x00000000edc00000)
  from space 2048K, 99% used [0x00000000edc00000,0x00000000eddfe8f0,0x00000000ede00000)
  to   space 2048K, 0% used [0x00000000ede00000,0x00000000ede00000,0x00000000ee000000)
 ParOldGen       total 38912K, used 822K [0x00000000c6600000, 0x00000000c8c00000, 0x00000000ecc80000)
  object space 38912K, 2% used [0x00000000c6600000,0x00000000c66cd910,0x00000000c8c00000)
 PSPermGen       total 21504K, used 16120K [0x00000000c1400000, 0x00000000c2900000, 0x00000000c6600000)
  object space 21504K, 74% used [0x00000000c1400000,0x00000000c23be0e0,0x00000000c2900000)
Event: 8.377 GC heap after
Heap after GC invocations=2 (full 0):
 PSYoungGen      total 17920K, used 2035K [0x00000000ecc80000, 0x00000000ee000000, 0x0000000100000000)
  eden space 15872K, 0% used [0x00000000ecc80000,0x00000000ecc80000,0x00000000edc00000)
  from space 2048K, 99% used [0x00000000ede00000,0x00000000edffcf70,0x00000000ee000000)
  to   space 2048K, 0% used [0x00000000edc00000,0x00000000edc00000,0x00000000ede00000)
 ParOldGen       total 38912K, used 6534K [0x00000000c6600000, 0x00000000c8c00000, 0x00000000ecc80000)
  object space 38912K, 16% used [0x00000000c6600000,0x00000000c6c619d8,0x00000000c8c00000)
 PSPermGen       total 21504K, used 16120K [0x00000000c1400000, 0x00000000c2900000, 0x00000000c6600000)
  object space 21504K, 74% used [0x00000000c1400000,0x00000000c23be0e0,0x00000000c2900000)
}
Event: 10.631 GC heap before
{Heap before GC invocations=3 (full 0):
 PSYoungGen      total 17920K, used 17907K [0x00000000ecc80000, 0x00000000ee000000, 0x0000000100000000)
  eden space 15872K, 100% used [0x00000000ecc80000,0x00000000edc00000,0x00000000edc00000)
  from space 2048K, 99% used [0x00000000ede00000,0x00000000edffcf70,0x00000000ee000000)
  to   space 2048K, 0% used [0x00000000edc00000,0x00000000edc00000,0x00000000ede00000)
 ParOldGen       total 38912K, used 6534K [0x00000000c6600000, 0x00000000c8c00000, 0x00000000ecc80000)
  object space 38912K, 16% used [0x00000000c6600000,0x00000000c6c619d8,0x00000000c8c00000)
 PSPermGen       total 21504K, used 16516K [0x00000000c1400000, 0x00000000c2900000, 0x00000000c6600000)
  object space 21504K, 76% used [0x00000000c1400000,0x00000000c24212e8,0x00000000c2900000)
Event: 10.765 GC heap after
Heap after GC invocations=3 (full 0):
 PSYoungGen      total 17920K, used 2018K [0x00000000ecc80000, 0x00000000eef80000, 0x0000000100000000)
  eden space 15872K, 0% used [0x00000000ecc80000,0x00000000ecc80000,0x00000000edc00000)
  from space 2048K, 98% used [0x00000000edc00000,0x00000000eddf8870,0x00000000ede00000)
  to   space 2048K, 0% used [0x00000000eed80000,0x00000000eed80000,0x00000000eef80000)
 ParOldGen       total 38912K, used 23129K [0x00000000c6600000, 0x00000000c8c00000, 0x00000000ecc80000)
  object space 38912K, 59% used [0x00000000c6600000,0x00000000c7c96740,0x00000000c8c00000)
 PSPermGen       total 21504K, used 16516K [0x00000000c1400000, 0x00000000c2900000, 0x00000000c6600000)
  object space 21504K, 76% used [0x00000000c1400000,0x00000000c24212e8,0x00000000c2900000)
}
Event: 10.766 GC heap before
{Heap before GC invocations=4 (full 1):
 PSYoungGen      total 17920K, used 2018K [0x00000000ecc80000, 0x00000000eef80000, 0x0000000100000000)
  eden space 15872K, 0% used [0x00000000ecc80000,0x00000000ecc80000,0x00000000edc00000)
  from space 2048K, 98% used [0x00000000edc00000,0x00000000eddf8870,0x00000000ede00000)
  to   space 2048K, 0% used [0x00000000eed80000,0x00000000eed80000,0x00000000eef80000)
 ParOldGen       total 38912K, used 23129K [0x00000000c6600000, 0x00000000c8c00000, 0x00000000ecc80000)
  object space 38912K, 59% used [0x00000000c6600000,0x00000000c7c96740,0x00000000c8c00000)
 PSPermGen       total 21504K, used 16516K [0x00000000c1400000, 0x00000000c2900000, 0x00000000c6600000)
  object space 21504K, 76% used [0x00000000c1400000,0x00000000c24212e8,0x00000000c2900000)
Event: 11.463 GC heap after
Heap after GC invocations=4 (full 1):
 PSYoungGen      total 17920K, used 0K [0x00000000ecc80000, 0x00000000eef80000, 0x0000000100000000)
  eden space 15872K, 0% used [0x00000000ecc80000,0x00000000ecc80000,0x00000000edc00000)
  from space 2048K, 0% used [0x00000000edc00000,0x00000000edc00000,0x00000000ede00000)
  to   space 2048K, 0% used [0x00000000eed80000,0x00000000eed80000,0x00000000eef80000)
 ParOldGen       total 68608K, used 21657K [0x00000000c6600000, 0x00000000ca900000, 0x00000000ecc80000)
  object space 68608K, 31% used [0x00000000c6600000,0x00000000c7b266d0,0x00000000ca900000)
 PSPermGen       total 33280K, used 16512K [0x00000000c1400000, 0x00000000c3480000, 0x00000000c6600000)
  object space 33280K, 49% used [0x00000000c1400000,0x00000000c2420200,0x00000000c3480000)
}
Event: 18.829 GC heap before
{Heap before GC invocations=5 (full 1):
 PSYoungGen      total 17920K, used 15868K [0x00000000ecc80000, 0x00000000eef80000, 0x0000000100000000)
  eden space 15872K, 99% used [0x00000000ecc80000,0x00000000edbff280,0x00000000edc00000)
  from space 2048K, 0% used [0x00000000edc00000,0x00000000edc00000,0x00000000ede00000)
  to   space 2048K, 0% used [0x00000000eed80000,0x00000000eed80000,0x00000000eef80000)
 ParOldGen       total 68608K, used 21657K [0x00000000c6600000, 0x00000000ca900000, 0x00000000ecc80000)
  object space 68608K, 31% used [0x00000000c6600000,0x00000000c7b266d0,0x00000000ca900000)
 PSPermGen       total 33280K, used 16609K [0x00000000c1400000, 0x00000000c3480000, 0x00000000c6600000)
  object space 33280K, 49% used [0x00000000c1400000,0x00000000c2438488,0x00000000c3480000)
Event: 18.886 GC heap after
Heap after GC invocations=5 (full 1):
 PSYoungGen      total 22016K, used 2032K [0x00000000ecc80000, 0x00000000eef80000, 0x0000000100000000)
  eden space 19968K, 0% used [0x00000000ecc80000,0x00000000ecc80000,0x00000000ee000000)
  from space 2048K, 99% used [0x00000000eed80000,0x00000000eef7c010,0x00000000eef80000)
  to   space 2048K, 0% used [0x00000000eeb80000,0x00000000eeb80000,0x00000000eed80000)
 ParOldGen       total 68608K, used 32048K [0x00000000c6600000, 0x00000000ca900000, 0x00000000ecc80000)
  object space 68608K, 46% used [0x00000000c6600000,0x00000000c854c3b0,0x00000000ca900000)
 PSPermGen       total 33280K, used 16609K [0x00000000c1400000, 0x00000000c3480000, 0x00000000c6600000)
  object space 33280K, 49% used [0x00000000c1400000,0x00000000c2438488,0x00000000c3480000)
}

