# JRE version: Java(TM) SE Runtime Environment (7.0_40-b43) (build 1.7.0_40-b43)
# Java VM: Java HotSpot(TM) 64-Bit Server VM (24.0-b56 mixed mode linux-amd64 compressed oops)
Heap
 PSYoungGen      total 33792K, used 33529K [0x00000000ecc80000, 0x00000000eef80000, 0x0000000100000000)
  eden space 31744K, 99% used [0x00000000ecc80000,0x00000000eeb41d40,0x00000000eeb80000)
  from space 2048K, 99% used [0x00000000eed80000,0x00000000eef7c880,0x00000000eef80000)
  to   space 2048K, 0% used [0x00000000eeb80000,0x00000000eeb80000,0x00000000eed80000)
 ParOldGen       total 38912K, used 22088K [0x00000000c6600000, 0x00000000c8c00000, 0x00000000ecc80000)
  object space 38912K, 56% used [0x00000000c6600000,0x00000000c7b92340,0x00000000c8c00000)
 PSPermGen       total 21504K, used 10519K [0x00000000c1400000, 0x00000000c2900000, 0x00000000c6600000)
  object space 21504K, 48% used [0x00000000c1400000,0x00000000c1e45dc0,0x00000000c2900000)
GC Heap History (4 events):
Event: 5.847 GC heap before
{Heap before GC invocations=1 (full 0):
 PSYoungGen      total 17920K, used 15872K [0x00000000ecc80000, 0x00000000ee000000, 0x0000000100000000)
  eden space 15872K, 100% used [0x00000000ecc80000,0x00000000edc00000,0x00000000edc00000)
  from space 2048K, 0% used [0x00000000ede00000,0x00000000ede00000,0x00000000ee000000)
  to   space 2048K, 0% used [0x00000000edc00000,0x00000000edc00000,0x00000000ede00000)
 ParOldGen       total 38912K, used 0K [0x00000000c6600000, 0x00000000c8c00000, 0x00000000ecc80000)
  object space 38912K, 0% used [0x00000000c6600000,0x00000000c6600000,0x00000000c8c00000)
 PSPermGen       total 21504K, used 8778K [0x00000000c1400000, 0x00000000c2900000, 0x00000000c6600000)
  object space 21504K, 40% used [0x00000000c1400000,0x00000000c1c92a18,0x00000000c2900000)
Event: 5.917 GC heap after
Heap after GC invocations=1 (full 0):
 PSYoungGen      total 17920K, used 2018K [0x00000000ecc80000, 0x00000000eef80000, 0x0000000100000000)
  eden space 15872K, 0% used [0x00000000ecc80000,0x00000000ecc80000,0x00000000edc00000)
  from space 2048K, 98% used [0x00000000edc00000,0x00000000eddf8870,0x00000000ede00000)
  to   space 2048K, 0% used [0x00000000eed80000,0x00000000eed80000,0x00000000eef80000)
 ParOldGen       total 38912K, used 9704K [0x00000000c6600000, 0x00000000c8c00000, 0x00000000ecc80000)
  object space 38912K, 24% used [0x00000000c6600000,0x00000000c6f7a310,0x00000000c8c00000)
 PSPermGen       total 21504K, used 8778K [0x00000000c1400000, 0x00000000c2900000, 0x00000000c6600000)
  object space 21504K, 40% used [0x00000000c1400000,0x00000000c1c92a18,0x00000000c2900000)
}
Event: 17.614 GC heap before
{Heap before GC invocations=2 (full 0):
 PSYoungGen      total 17920K, used 17890K [0x00000000ecc80000, 0x00000000eef80000, 0x0000000100000000)
  eden space 15872K, 100% used [0x00000000ecc80000,0x00000000edc00000,0x00000000edc00000)
  from space 2048K, 98% used [0x00000000edc00000,0x00000000eddf8870,0x00000000ede00000)
  to   space 2048K, 0% used [0x00000000eed80000,0x00000000eed80000,0x00000000eef80000)
 ParOldGen       total 38912K, used 9704K [0x00000000c6600000, 0x00000000c8c00000, 0x00000000ecc80000)
  object space 38912K, 24% used [0x00000000c6600000,0x00000000c6f7a310,0x00000000c8c00000)
 PSPermGen       total 21504K, used 10084K [0x00000000c1400000, 0x00000000c2900000, 0x00000000c6600000)
  object space 21504K, 46% used [0x00000000c1400000,0x00000000c1dd9010,0x00000000c2900000)
Event: 17.771 GC heap after
Heap after GC invocations=2 (full 0):
 PSYoungGen      total 33792K, used 2034K [0x00000000ecc80000, 0x00000000eef80000, 0x0000000100000000)
  eden space 31744K, 0% used [0x00000000ecc80000,0x00000000ecc80000,0x00000000eeb80000)
  from space 2048K, 99% used [0x00000000eed80000,0x00000000eef7c880,0x00000000eef80000)
  to   space 2048K, 0% used [0x00000000eeb80000,0x00000000eeb80000,0x00000000eed80000)
 ParOldGen       total 38912K, used 22088K [0x00000000c6600000, 0x00000000c8c00000, 0x00000000ecc80000)
  object space 38912K, 56% used [0x00000000c6600000,0x00000000c7b92340,0x00000000c8c00000)
 PSPermGen       total 21504K, used 10084K [0x00000000c1400000, 0x00000000c2900000, 0x00000000c6600000)
  object space 21504K, 46% used [0x00000000c1400000,0x00000000c1dd9010,0x00000000c2900000)
}

