# JRE version: Java(TM) SE Runtime Environment (7.0_40-b43) (build 1.7.0_40-b43)
# Java VM: Java HotSpot(TM) 64-Bit Server VM (24.0-b56 mixed mode linux-amd64 compressed oops)
Heap
 PSYoungGen      total 33792K, used 10140K [0x00000000ecc80000, 0x00000000eef80000, 0x0000000100000000)
  eden space 31744K, 25% used [0x00000000ecc80000,0x00000000ed46e8c0,0x00000000eeb80000)
  from space 2048K, 98% used [0x00000000eed80000,0x00000000eef78870,0x00000000eef80000)
  to   space 2048K, 0% used [0x00000000eeb80000,0x00000000eeb80000,0x00000000eed80000)
 ParOldGen       total 38912K, used 22285K [0x00000000c6600000, 0x00000000c8c00000, 0x00000000ecc80000)
  object space 38912K, 57% used [0x00000000c6600000,0x00000000c7bc3698,0x00000000c8c00000)
 PSPermGen       total 21504K, used 10470K [0x00000000c1400000, 0x00000000c2900000, 0x00000000c6600000)
  object space 21504K, 48% used [0x00000000c1400000,0x00000000c1e39860,0x00000000c2900000)
GC Heap History (4 events):
Event: 5.651 GC heap before
{Heap before GC invocations=1 (full 0):
 PSYoungGen      total 17920K, used 15871K [0x00000000ecc80000, 0x00000000ee000000, 0x0000000100000000)
  eden space 15872K, 99% used [0x00000000ecc80000,0x00000000edbffff8,0x00000000edc00000)
  from space 2048K, 0% used [0x00000000ede00000,0x00000000ede00000,0x00000000ee000000)
  to   space 2048K, 0% used [0x00000000edc00000,0x00000000edc00000,0x00000000ede00000)
 ParOldGen       total 38912K, used 0K [0x00000000c6600000, 0x00000000c8c00000, 0x00000000ecc80000)
  object space 38912K, 0% used [0x00000000c6600000,0x00000000c6600000,0x00000000c8c00000)
 PSPermGen       total 21504K, used 8778K [0x00000000c1400000, 0x00000000c2900000, 0x00000000c6600000)
  object space 21504K, 40% used [0x00000000c1400000,0x00000000c1c92a18,0x00000000c2900000)
Event: 5.714 GC heap after
Heap after GC invocations=1 (full 0):
 PSYoungGen      total 17920K, used 2032K [0x00000000ecc80000, 0x00000000eef80000, 0x0000000100000000)
  eden space 15872K, 0% used [0x00000000ecc80000,0x00000000ecc80000,0x00000000edc00000)
  from space 2048K, 99% used [0x00000000edc00000,0x00000000eddfc050,0x00000000ede00000)
  to   space 2048K, 0% used [0x00000000eed80000,0x00000000eed80000,0x00000000eef80000)
 ParOldGen       total 38912K, used 9581K [0x00000000c6600000, 0x00000000c8c00000, 0x00000000ecc80000)
  object space 38912K, 24% used [0x00000000c6600000,0x00000000c6f5b658,0x00000000c8c00000)
 PSPermGen       total 21504K, used 8778K [0x00000000c1400000, 0x00000000c2900000, 0x00000000c6600000)
  object space 21504K, 40% used [0x00000000c1400000,0x00000000c1c92a18,0x00000000c2900000)
}
Event: 13.073 GC heap before
{Heap before GC invocations=2 (full 0):
 PSYoungGen      total 17920K, used 17904K [0x00000000ecc80000, 0x00000000eef80000, 0x0000000100000000)
  eden space 15872K, 100% used [0x00000000ecc80000,0x00000000edc00000,0x00000000edc00000)
  from space 2048K, 99% used [0x00000000edc00000,0x00000000eddfc050,0x00000000ede00000)
  to   space 2048K, 0% used [0x00000000eed80000,0x00000000eed80000,0x00000000eef80000)
 ParOldGen       total 38912K, used 9581K [0x00000000c6600000, 0x00000000c8c00000, 0x00000000ecc80000)
  object space 38912K, 24% used [0x00000000c6600000,0x00000000c6f5b658,0x00000000c8c00000)
 PSPermGen       total 21504K, used 10147K [0x00000000c1400000, 0x00000000c2900000, 0x00000000c6600000)
  object space 21504K, 47% used [0x00000000c1400000,0x00000000c1de8d90,0x00000000c2900000)
Event: 13.205 GC heap after
Heap after GC invocations=2 (full 0):
 PSYoungGen      total 33792K, used 2018K [0x00000000ecc80000, 0x00000000eef80000, 0x0000000100000000)
  eden space 31744K, 0% used [0x00000000ecc80000,0x00000000ecc80000,0x00000000eeb80000)
  from space 2048K, 98% used [0x00000000eed80000,0x00000000eef78870,0x00000000eef80000)
  to   space 2048K, 0% used [0x00000000eeb80000,0x00000000eeb80000,0x00000000eed80000)
 ParOldGen       total 38912K, used 22285K [0x00000000c6600000, 0x00000000c8c00000, 0x00000000ecc80000)
  object space 38912K, 57% used [0x00000000c6600000,0x00000000c7bc3698,0x00000000c8c00000)
 PSPermGen       total 21504K, used 10147K [0x00000000c1400000, 0x00000000c2900000, 0x00000000c6600000)
  object space 21504K, 47% used [0x00000000c1400000,0x00000000c1de8d90,0x00000000c2900000)
}

