# JRE version: Java(TM) SE Runtime Environment (7.0_40-b43) (build 1.7.0_40-b43)
# Java VM: Java HotSpot(TM) 64-Bit Server VM (24.0-b56 mixed mode linux-amd64 compressed oops)
Heap
 PSYoungGen      total 33792K, used 3588K [0x00000000ecc80000, 0x00000000f1e00000, 0x0000000100000000)
  eden space 31744K, 10% used [0x00000000ecc80000,0x00000000ecfd9110,0x00000000eeb80000)
  from space 2048K, 7% used [0x00000000eeb80000,0x00000000eeba8000,0x00000000eed80000)
  to   space 22016K, 0% used [0x00000000f0880000,0x00000000f0880000,0x00000000f1e00000)
 ParOldGen       total 79872K, used 39314K [0x00000000c6600000, 0x00000000cb400000, 0x00000000ecc80000)
  object space 79872K, 49% used [0x00000000c6600000,0x00000000c8c64bb0,0x00000000cb400000)
 PSPermGen       total 33792K, used 17077K [0x00000000c1400000, 0x00000000c3500000, 0x00000000c6600000)
  object space 33792K, 50% used [0x00000000c1400000,0x00000000c24ad5f8,0x00000000c3500000)
GC Heap History (10 events):
Event: 7.611 GC heap before
{Heap before GC invocations=2 (full 0):
 PSYoungGen      total 17920K, used 17907K [0x00000000ecc80000, 0x00000000ee000000, 0x0000000100000000)
  eden space 15872K, 100% used [0x00000000ecc80000,0x00000000edc00000,0x00000000edc00000)
  from space 2048K, 99% used [0x00000000edc00000,0x00000000eddfcdc0,0x00000000ede00000)
  to   space 2048K, 0% used [0x00000000ede00000,0x00000000ede00000,0x00000000ee000000)
 ParOldGen       total 38912K, used 750K [0x00000000c6600000, 0x00000000c8c00000, 0x00000000ecc80000)
  object space 38912K, 1% used [0x00000000c6600000,0x00000000c66bb9a0,0x00000000c8c00000)
 PSPermGen       total 21504K, used 15800K [0x00000000c1400000, 0x00000000c2900000, 0x00000000c6600000)
  object space 21504K, 73% used [0x00000000c1400000,0x00000000c236e0f8,0x00000000c2900000)
Event: 7.650 GC heap after
Heap after GC invocations=2 (full 0):
 PSYoungGen      total 17920K, used 2018K [0x00000000ecc80000, 0x00000000eef80000, 0x0000000100000000)
  eden space 15872K, 0% used [0x00000000ecc80000,0x00000000ecc80000,0x00000000edc00000)
  from space 2048K, 98% used [0x00000000ede00000,0x00000000edff8870,0x00000000ee000000)
  to   space 2048K, 0% used [0x00000000edc00000,0x00000000edc00000,0x00000000ede00000)
 ParOldGen       total 38912K, used 6456K [0x00000000c6600000, 0x00000000c8c00000, 0x00000000ecc80000)
  object space 38912K, 16% used [0x00000000c6600000,0x00000000c6c4e108,0x00000000c8c00000)
 PSPermGen       total 21504K, used 15800K [0x00000000c1400000, 0x00000000c2900000, 0x00000000c6600000)
  object space 21504K, 73% used [0x00000000c1400000,0x00000000c236e0f8,0x00000000c2900000)
}
Event: 10.280 GC heap before
{Heap before GC invocations=3 (full 0):
 PSYoungGen      total 17920K, used 17890K [0x00000000ecc80000, 0x00000000eef80000, 0x0000000100000000)
  eden space 15872K, 100% used [0x00000000ecc80000,0x00000000edc00000,0x00000000edc00000)
  from space 2048K, 98% used [0x00000000ede00000,0x00000000edff8870,0x00000000ee000000)
  to   space 2048K, 0% used [0x00000000edc00000,0x00000000edc00000,0x00000000ede00000)
 ParOldGen       total 38912K, used 6456K [0x00000000c6600000, 0x00000000c8c00000, 0x00000000ecc80000)
  object space 38912K, 16% used [0x00000000c6600000,0x00000000c6c4e108,0x00000000c8c00000)
 PSPermGen       total 21504K, used 16569K [0x00000000c1400000, 0x00000000c2900000, 0x00000000c6600000)
  object space 21504K, 77% used [0x00000000c1400000,0x00000000c242e6d8,0x00000000c2900000)
Event: 10.363 GC heap after
Heap after GC invocations=3 (full 0):
 PSYoungGen      total 17920K, used 2032K [0x00000000ecc80000, 0x00000000eef80000, 0x0000000100000000)
  eden space 15872K, 0% used [0x00000000ecc80000,0x00000000ecc80000,0x00000000edc00000)
  from space 2048K, 99% used [0x00000000edc00000,0x00000000eddfc050,0x00000000ede00000)
  to   space 2048K, 0% used [0x00000000eed80000,0x00000000eed80000,0x00000000eef80000)
 ParOldGen       total 38912K, used 21173K [0x00000000c6600000, 0x00000000c8c00000, 0x00000000ecc80000)
  object space 38912K, 54% used [0x00000000c6600000,0x00000000c7aad740,0x00000000c8c00000)
 PSPermGen       total 21504K, used 16569K [0x00000000c1400000, 0x00000000c2900000, 0x00000000c6600000)
  object space 21504K, 77% used [0x00000000c1400000,0x00000000c242e6d8,0x00000000c2900000)
}
Event: 21.088 GC heap before
{Heap before GC invocations=4 (full 0):
 PSYoungGen      total 17920K, used 16325K [0x00000000ecc80000, 0x00000000eef80000, 0x0000000100000000)
  eden space 15872K, 90% used [0x00000000ecc80000,0x00000000eda755a0,0x00000000edc00000)
  from space 2048K, 99% used [0x00000000edc00000,0x00000000eddfc050,0x00000000ede00000)
  to   space 2048K, 0% used [0x00000000eed80000,0x00000000eed80000,0x00000000eef80000)
 ParOldGen       total 38912K, used 21173K [0x00000000c6600000, 0x00000000c8c00000, 0x00000000ecc80000)
  object space 38912K, 54% used [0x00000000c6600000,0x00000000c7aad740,0x00000000c8c00000)
 PSPermGen       total 21504K, used 16724K [0x00000000c1400000, 0x00000000c2900000, 0x00000000c6600000)
  object space 21504K, 77% used [0x00000000c1400000,0x00000000c24550b0,0x00000000c2900000)
Event: 21.149 GC heap after
Heap after GC invocations=4 (full 0):
 PSYoungGen      total 33792K, used 2032K [0x00000000ecc80000, 0x00000000eef80000, 0x0000000100000000)
  eden space 31744K, 0% used [0x00000000ecc80000,0x00000000ecc80000,0x00000000eeb80000)
  from space 2048K, 99% used [0x00000000eed80000,0x00000000eef7c030,0x00000000eef80000)
  to   space 2048K, 0% used [0x00000000eeb80000,0x00000000eeb80000,0x00000000eed80000)
 ParOldGen       total 38912K, used 33563K [0x00000000c6600000, 0x00000000c8c00000, 0x00000000ecc80000)
  object space 38912K, 86% used [0x00000000c6600000,0x00000000c86c6fc0,0x00000000c8c00000)
 PSPermGen       total 21504K, used 16724K [0x00000000c1400000, 0x00000000c2900000, 0x00000000c6600000)
  object space 21504K, 77% used [0x00000000c1400000,0x00000000c24550b0,0x00000000c2900000)
}
Event: 21.149 GC heap before
{Heap before GC invocations=5 (full 1):
 PSYoungGen      total 33792K, used 2032K [0x00000000ecc80000, 0x00000000eef80000, 0x0000000100000000)
  eden space 31744K, 0% used [0x00000000ecc80000,0x00000000ecc80000,0x00000000eeb80000)
  from space 2048K, 99% used [0x00000000eed80000,0x00000000eef7c030,0x00000000eef80000)
  to   space 2048K, 0% used [0x00000000eeb80000,0x00000000eeb80000,0x00000000eed80000)
 ParOldGen       total 38912K, used 33563K [0x00000000c6600000, 0x00000000c8c00000, 0x00000000ecc80000)
  object space 38912K, 86% used [0x00000000c6600000,0x00000000c86c6fc0,0x00000000c8c00000)
 PSPermGen       total 21504K, used 16724K [0x00000000c1400000, 0x00000000c2900000, 0x00000000c6600000)
  object space 21504K, 77% used [0x00000000c1400000,0x00000000c24550b0,0x00000000c2900000)
Event: 21.975 GC heap after
Heap after GC invocations=5 (full 1):
 PSYoungGen      total 33792K, used 0K [0x00000000ecc80000, 0x00000000eef80000, 0x0000000100000000)
  eden space 31744K, 0% used [0x00000000ecc80000,0x00000000ecc80000,0x00000000eeb80000)
  from space 2048K, 0% used [0x00000000eed80000,0x00000000eed80000,0x00000000eef80000)
  to   space 2048K, 0% used [0x00000000eeb80000,0x00000000eeb80000,0x00000000eed80000)
 ParOldGen       total 79872K, used 33170K [0x00000000c6600000, 0x00000000cb400000, 0x00000000ecc80000)
  object space 79872K, 41% used [0x00000000c6600000,0x00000000c8664b90,0x00000000cb400000)
 PSPermGen       total 33792K, used 16719K [0x00000000c1400000, 0x00000000c3500000, 0x00000000c6600000)
  object space 33792K, 49% used [0x00000000c1400000,0x00000000c2453f78,0x00000000c3500000)
}
Event: 1160.975 GC heap before
{Heap before GC invocations=6 (full 1):
 PSYoungGen      total 33792K, used 31744K [0x00000000ecc80000, 0x00000000eef80000, 0x0000000100000000)
  eden space 31744K, 100% used [0x00000000ecc80000,0x00000000eeb80000,0x00000000eeb80000)
  from space 2048K, 0% used [0x00000000eed80000,0x00000000eed80000,0x00000000eef80000)
  to   space 2048K, 0% used [0x00000000eeb80000,0x00000000eeb80000,0x00000000eed80000)
 ParOldGen       total 79872K, used 33170K [0x00000000c6600000, 0x00000000cb400000, 0x00000000ecc80000)
  object space 79872K, 41% used [0x00000000c6600000,0x00000000c8664b90,0x00000000cb400000)
 PSPermGen       total 33792K, used 17012K [0x00000000c1400000, 0x00000000c3500000, 0x00000000c6600000)
  object space 33792K, 50% used [0x00000000c1400000,0x00000000c249d3c8,0x00000000c3500000)
Event: 1161.005 GC heap after
Heap after GC invocations=6 (full 1):
 PSYoungGen      total 33792K, used 160K [0x00000000ecc80000, 0x00000000f1e00000, 0x0000000100000000)
  eden space 31744K, 0% used [0x00000000ecc80000,0x00000000ecc80000,0x00000000eeb80000)
  from space 2048K, 7% used [0x00000000eeb80000,0x00000000eeba8000,0x00000000eed80000)
  to   space 22016K, 0% used [0x00000000f0880000,0x00000000f0880000,0x00000000f1e00000)
 ParOldGen       total 79872K, used 39314K [0x00000000c6600000, 0x00000000cb400000, 0x00000000ecc80000)
  object space 79872K, 49% used [0x00000000c6600000,0x00000000c8c64bb0,0x00000000cb400000)
 PSPermGen       total 33792K, used 17012K [0x00000000c1400000, 0x00000000c3500000, 0x00000000c6600000)
  object space 33792K, 50% used [0x00000000c1400000,0x00000000c249d3c8,0x00000000c3500000)
}

