# JRE version: Java(TM) SE Runtime Environment (7.0_40-b43) (build 1.7.0_40-b43)
# Java VM: Java HotSpot(TM) 64-Bit Server VM (24.0-b56 mixed mode linux-amd64 compressed oops)
Heap
 PSYoungGen      total 21504K, used 14711K [0x00000000ecc80000, 0x00000000eef00000, 0x0000000100000000)
  eden space 19968K, 66% used [0x00000000ecc80000,0x00000000ed961fd8,0x00000000ee000000)
  from space 1536K, 98% used [0x00000000eed80000,0x00000000eeefc010,0x00000000eef00000)
  to   space 2048K, 0% used [0x00000000eeb00000,0x00000000eeb00000,0x00000000eed00000)
 ParOldGen       total 72704K, used 39203K [0x00000000c6600000, 0x00000000cad00000, 0x00000000ecc80000)
  object space 72704K, 53% used [0x00000000c6600000,0x00000000c8c48d30,0x00000000cad00000)
 PSPermGen       total 33280K, used 16824K [0x00000000c1400000, 0x00000000c3480000, 0x00000000c6600000)
  object space 33280K, 50% used [0x00000000c1400000,0x00000000c246e030,0x00000000c3480000)
GC Heap History (10 events):
Event: 5.913 GC heap before
{Heap before GC invocations=1 (full 0):
 PSYoungGen      total 17920K, used 15753K [0x00000000ecc80000, 0x00000000ee000000, 0x0000000100000000)
  eden space 15872K, 99% used [0x00000000ecc80000,0x00000000edbe24c0,0x00000000edc00000)
  from space 2048K, 0% used [0x00000000ede00000,0x00000000ede00000,0x00000000ee000000)
  to   space 2048K, 0% used [0x00000000edc00000,0x00000000edc00000,0x00000000ede00000)
 ParOldGen       total 38912K, used 255K [0x00000000c6600000, 0x00000000c8c00000, 0x00000000ecc80000)
  object space 38912K, 0% used [0x00000000c6600000,0x00000000c663fc10,0x00000000c8c00000)
 PSPermGen       total 21504K, used 11143K [0x00000000c1400000, 0x00000000c2900000, 0x00000000c6600000)
  object space 21504K, 51% used [0x00000000c1400000,0x00000000c1ee1e58,0x00000000c2900000)
Event: 5.945 GC heap after
Heap after GC invocations=1 (full 0):
 PSYoungGen      total 17920K, used 2019K [0x00000000ecc80000, 0x00000000ee000000, 0x0000000100000000)
  eden space 15872K, 0% used [0x00000000ecc80000,0x00000000ecc80000,0x00000000edc00000)
  from space 2048K, 98% used [0x00000000edc00000,0x00000000eddf8db0,0x00000000ede00000)
  to   space 2048K, 0% used [0x00000000ede00000,0x00000000ede00000,0x00000000ee000000)
 ParOldGen       total 38912K, used 4450K [0x00000000c6600000, 0x00000000c8c00000, 0x00000000ecc80000)
  object space 38912K, 11% used [0x00000000c6600000,0x00000000c6a58958,0x00000000c8c00000)
 PSPermGen       total 21504K, used 11143K [0x00000000c1400000, 0x00000000c2900000, 0x00000000c6600000)
  object space 21504K, 51% used [0x00000000c1400000,0x00000000c1ee1e58,0x00000000c2900000)
}
Event: 10.380 GC heap before
{Heap before GC invocations=2 (full 0):
 PSYoungGen      total 17920K, used 17891K [0x00000000ecc80000, 0x00000000ee000000, 0x0000000100000000)
  eden space 15872K, 100% used [0x00000000ecc80000,0x00000000edc00000,0x00000000edc00000)
  from space 2048K, 98% used [0x00000000edc00000,0x00000000eddf8db0,0x00000000ede00000)
  to   space 2048K, 0% used [0x00000000ede00000,0x00000000ede00000,0x00000000ee000000)
 ParOldGen       total 38912K, used 9252K [0x00000000c6600000, 0x00000000c8c00000, 0x00000000ecc80000)
  object space 38912K, 23% used [0x00000000c6600000,0x00000000c6f09118,0x00000000c8c00000)
 PSPermGen       total 21504K, used 16525K [0x00000000c1400000, 0x00000000c2900000, 0x00000000c6600000)
  object space 21504K, 76% used [0x00000000c1400000,0x00000000c2423708,0x00000000c2900000)
Event: 10.491 GC heap after
Heap after GC invocations=2 (full 0):
 PSYoungGen      total 17920K, used 2034K [0x00000000ecc80000, 0x00000000eef80000, 0x0000000100000000)
  eden space 15872K, 0% used [0x00000000ecc80000,0x00000000ecc80000,0x00000000edc00000)
  from space 2048K, 99% used [0x00000000ede00000,0x00000000edffc880,0x00000000ee000000)
  to   space 2048K, 0% used [0x00000000edc00000,0x00000000edc00000,0x00000000ede00000)
 ParOldGen       total 38912K, used 15410K [0x00000000c6600000, 0x00000000c8c00000, 0x00000000ecc80000)
  object space 38912K, 39% used [0x00000000c6600000,0x00000000c750cb40,0x00000000c8c00000)
 PSPermGen       total 21504K, used 16525K [0x00000000c1400000, 0x00000000c2900000, 0x00000000c6600000)
  object space 21504K, 76% used [0x00000000c1400000,0x00000000c2423708,0x00000000c2900000)
}
Event: 14.071 GC heap before
{Heap before GC invocations=3 (full 0):
 PSYoungGen      total 17920K, used 16529K [0x00000000ecc80000, 0x00000000eef80000, 0x0000000100000000)
  eden space 15872K, 91% used [0x00000000ecc80000,0x00000000edaa7d88,0x00000000edc00000)
  from space 2048K, 99% used [0x00000000ede00000,0x00000000edffc880,0x00000000ee000000)
  to   space 2048K, 0% used [0x00000000edc00000,0x00000000edc00000,0x00000000ede00000)
 ParOldGen       total 38912K, used 15410K [0x00000000c6600000, 0x00000000c8c00000, 0x00000000ecc80000)
  object space 38912K, 39% used [0x00000000c6600000,0x00000000c750cb40,0x00000000c8c00000)
 PSPermGen       total 21504K, used 16533K [0x00000000c1400000, 0x00000000c2900000, 0x00000000c6600000)
  object space 21504K, 76% used [0x00000000c1400000,0x00000000c2425590,0x00000000c2900000)
Event: 14.214 GC heap after
Heap after GC invocations=3 (full 0):
 PSYoungGen      total 17920K, used 2018K [0x00000000ecc80000, 0x00000000eef80000, 0x0000000100000000)
  eden space 15872K, 0% used [0x00000000ecc80000,0x00000000ecc80000,0x00000000edc00000)
  from space 2048K, 98% used [0x00000000edc00000,0x00000000eddf8870,0x00000000ede00000)
  to   space 2048K, 0% used [0x00000000eed80000,0x00000000eed80000,0x00000000eef80000)
 ParOldGen       total 38912K, used 29562K [0x00000000c6600000, 0x00000000c8c00000, 0x00000000ecc80000)
  object space 38912K, 75% used [0x00000000c6600000,0x00000000c82de980,0x00000000c8c00000)
 PSPermGen       total 21504K, used 16533K [0x00000000c1400000, 0x00000000c2900000, 0x00000000c6600000)
  object space 21504K, 76% used [0x00000000c1400000,0x00000000c2425590,0x00000000c2900000)
}
Event: 14.215 GC heap before
{Heap before GC invocations=4 (full 1):
 PSYoungGen      total 17920K, used 2018K [0x00000000ecc80000, 0x00000000eef80000, 0x0000000100000000)
  eden space 15872K, 0% used [0x00000000ecc80000,0x00000000ecc80000,0x00000000edc00000)
  from space 2048K, 98% used [0x00000000edc00000,0x00000000eddf8870,0x00000000ede00000)
  to   space 2048K, 0% used [0x00000000eed80000,0x00000000eed80000,0x00000000eef80000)
 ParOldGen       total 38912K, used 29562K [0x00000000c6600000, 0x00000000c8c00000, 0x00000000ecc80000)
  object space 38912K, 75% used [0x00000000c6600000,0x00000000c82de980,0x00000000c8c00000)
 PSPermGen       total 21504K, used 16533K [0x00000000c1400000, 0x00000000c2900000, 0x00000000c6600000)
  object space 21504K, 76% used [0x00000000c1400000,0x00000000c2425590,0x00000000c2900000)
Event: 14.998 GC heap after
Heap after GC invocations=4 (full 1):
 PSYoungGen      total 17920K, used 0K [0x00000000ecc80000, 0x00000000eef80000, 0x0000000100000000)
  eden space 15872K, 0% used [0x00000000ecc80000,0x00000000ecc80000,0x00000000edc00000)
  from space 2048K, 0% used [0x00000000edc00000,0x00000000edc00000,0x00000000ede00000)
  to   space 2048K, 0% used [0x00000000eed80000,0x00000000eed80000,0x00000000eef80000)
 ParOldGen       total 72704K, used 29987K [0x00000000c6600000, 0x00000000cad00000, 0x00000000ecc80000)
  object space 72704K, 41% used [0x00000000c6600000,0x00000000c8348d00,0x00000000cad00000)
 PSPermGen       total 33280K, used 16529K [0x00000000c1400000, 0x00000000c3480000, 0x00000000c6600000)
  object space 33280K, 49% used [0x00000000c1400000,0x00000000c24244a8,0x00000000c3480000)
}
Event: 36.792 GC heap before
{Heap before GC invocations=5 (full 1):
 PSYoungGen      total 17920K, used 15872K [0x00000000ecc80000, 0x00000000eef80000, 0x0000000100000000)
  eden space 15872K, 100% used [0x00000000ecc80000,0x00000000edc00000,0x00000000edc00000)
  from space 2048K, 0% used [0x00000000edc00000,0x00000000edc00000,0x00000000ede00000)
  to   space 2048K, 0% used [0x00000000eed80000,0x00000000eed80000,0x00000000eef80000)
 ParOldGen       total 72704K, used 29987K [0x00000000c6600000, 0x00000000cad00000, 0x00000000ecc80000)
  object space 72704K, 41% used [0x00000000c6600000,0x00000000c8348d00,0x00000000cad00000)
 PSPermGen       total 33280K, used 16708K [0x00000000c1400000, 0x00000000c3480000, 0x00000000c6600000)
  object space 33280K, 50% used [0x00000000c1400000,0x00000000c2451280,0x00000000c3480000)
Event: 36.829 GC heap after
Heap after GC invocations=5 (full 1):
 PSYoungGen      total 21504K, used 1520K [0x00000000ecc80000, 0x00000000eef00000, 0x0000000100000000)
  eden space 19968K, 0% used [0x00000000ecc80000,0x00000000ecc80000,0x00000000ee000000)
  from space 1536K, 98% used [0x00000000eed80000,0x00000000eeefc010,0x00000000eef00000)
  to   space 2048K, 0% used [0x00000000eeb00000,0x00000000eeb00000,0x00000000eed00000)
 ParOldGen       total 72704K, used 39203K [0x00000000c6600000, 0x00000000cad00000, 0x00000000ecc80000)
  object space 72704K, 53% used [0x00000000c6600000,0x00000000c8c48d30,0x00000000cad00000)
 PSPermGen       total 33280K, used 16708K [0x00000000c1400000, 0x00000000c3480000, 0x00000000c6600000)
  object space 33280K, 50% used [0x00000000c1400000,0x00000000c2451280,0x00000000c3480000)
}

