# JRE version: Java(TM) SE Runtime Environment (7.0_40-b43) (build 1.7.0_40-b43)
# Java VM: Java HotSpot(TM) 64-Bit Server VM (24.0-b56 mixed mode linux-amd64 compressed oops)
Heap
 PSYoungGen      total 34816K, used 6054K [0x00000000ecc80000, 0x00000000ef600000, 0x0000000100000000)
  eden space 28160K, 10% used [0x00000000ecc80000,0x00000000ecf49900,0x00000000ee800000)
  from space 6656K, 48% used [0x00000000eef80000,0x00000000ef2a0010,0x00000000ef600000)
  to   space 7168K, 0% used [0x00000000ee800000,0x00000000ee800000,0x00000000eef00000)
 ParOldGen       total 68096K, used 40056K [0x00000000c6600000, 0x00000000ca880000, 0x00000000ecc80000)
  object space 68096K, 58% used [0x00000000c6600000,0x00000000c8d1e2c8,0x00000000ca880000)
 PSPermGen       total 33280K, used 17911K [0x00000000c1400000, 0x00000000c3480000, 0x00000000c6600000)
  object space 33280K, 53% used [0x00000000c1400000,0x00000000c257dc70,0x00000000c3480000)
GC Heap History (10 events):
Event: 1684.673 GC heap before
{Heap before GC invocations=27 (full 1):
 PSYoungGen      total 31232K, used 30784K [0x00000000ecc80000, 0x00000000efb80000, 0x0000000100000000)
  eden space 30720K, 100% used [0x00000000ecc80000,0x00000000eea80000,0x00000000eea80000)
  from space 512K, 12% used [0x00000000eeb00000,0x00000000eeb10000,0x00000000eeb80000)
  to   space 8704K, 0% used [0x00000000ef300000,0x00000000ef300000,0x00000000efb80000)
 ParOldGen       total 68096K, used 40008K [0x00000000c6600000, 0x00000000ca880000, 0x00000000ecc80000)
  object space 68096K, 58% used [0x00000000c6600000,0x00000000c8d122c8,0x00000000ca880000)
 PSPermGen       total 33280K, used 17877K [0x00000000c1400000, 0x00000000c3480000, 0x00000000c6600000)
  object space 33280K, 53% used [0x00000000c1400000,0x00000000c25756c8,0x00000000c3480000)
Event: 1684.680 GC heap after
Heap after GC invocations=27 (full 1):
 PSYoungGen      total 37376K, used 64K [0x00000000ecc80000, 0x00000000efa00000, 0x0000000100000000)
  eden space 30208K, 0% used [0x00000000ecc80000,0x00000000ecc80000,0x00000000eea00000)
  from space 7168K, 0% used [0x00000000ef300000,0x00000000ef310000,0x00000000efa00000)
  to   space 8192K, 0% used [0x00000000eea00000,0x00000000eea00000,0x00000000ef200000)
 ParOldGen       total 68096K, used 40008K [0x00000000c6600000, 0x00000000ca880000, 0x00000000ecc80000)
  object space 68096K, 58% used [0x00000000c6600000,0x00000000c8d122c8,0x00000000ca880000)
 PSPermGen       total 33280K, used 17877K [0x00000000c1400000, 0x00000000c3480000, 0x00000000c6600000)
  object space 33280K, 53% used [0x00000000c1400000,0x00000000c25756c8,0x00000000c3480000)
}
Event: 1755.769 GC heap before
{Heap before GC invocations=28 (full 1):
 PSYoungGen      total 37376K, used 30272K [0x00000000ecc80000, 0x00000000efa00000, 0x0000000100000000)
  eden space 30208K, 100% used [0x00000000ecc80000,0x00000000eea00000,0x00000000eea00000)
  from space 7168K, 0% used [0x00000000ef300000,0x00000000ef310000,0x00000000efa00000)
  to   space 8192K, 0% used [0x00000000eea00000,0x00000000eea00000,0x00000000ef200000)
 ParOldGen       total 68096K, used 40008K [0x00000000c6600000, 0x00000000ca880000, 0x00000000ecc80000)
  object space 68096K, 58% used [0x00000000c6600000,0x00000000c8d122c8,0x00000000ca880000)
 PSPermGen       total 33280K, used 17877K [0x00000000c1400000, 0x00000000c3480000, 0x00000000c6600000)
  object space 33280K, 53% used [0x00000000c1400000,0x00000000c25756c8,0x00000000c3480000)
Event: 1755.776 GC heap after
Heap after GC invocations=28 (full 1):
 PSYoungGen      total 30208K, used 64K [0x00000000ecc80000, 0x00000000ef880000, 0x0000000100000000)
  eden space 29696K, 0% used [0x00000000ecc80000,0x00000000ecc80000,0x00000000ee980000)
  from space 512K, 12% used [0x00000000eea00000,0x00000000eea10000,0x00000000eea80000)
  to   space 7680K, 0% used [0x00000000ef100000,0x00000000ef100000,0x00000000ef880000)
 ParOldGen       total 68096K, used 40032K [0x00000000c6600000, 0x00000000ca880000, 0x00000000ecc80000)
  object space 68096K, 58% used [0x00000000c6600000,0x00000000c8d182c8,0x00000000ca880000)
 PSPermGen       total 33280K, used 17877K [0x00000000c1400000, 0x00000000c3480000, 0x00000000c6600000)
  object space 33280K, 53% used [0x00000000c1400000,0x00000000c25756c8,0x00000000c3480000)
}
Event: 1826.361 GC heap before
{Heap before GC invocations=29 (full 1):
 PSYoungGen      total 30208K, used 29760K [0x00000000ecc80000, 0x00000000ef880000, 0x0000000100000000)
  eden space 29696K, 100% used [0x00000000ecc80000,0x00000000ee980000,0x00000000ee980000)
  from space 512K, 12% used [0x00000000eea00000,0x00000000eea10000,0x00000000eea80000)
  to   space 7680K, 0% used [0x00000000ef100000,0x00000000ef100000,0x00000000ef880000)
 ParOldGen       total 68096K, used 40032K [0x00000000c6600000, 0x00000000ca880000, 0x00000000ecc80000)
  object space 68096K, 58% used [0x00000000c6600000,0x00000000c8d182c8,0x00000000ca880000)
 PSPermGen       total 33280K, used 17877K [0x00000000c1400000, 0x00000000c3480000, 0x00000000c6600000)
  object space 33280K, 53% used [0x00000000c1400000,0x00000000c25756c8,0x00000000c3480000)
Event: 1826.367 GC heap after
Heap after GC invocations=29 (full 1):
 PSYoungGen      total 35328K, used 64K [0x00000000ecc80000, 0x00000000ef700000, 0x0000000100000000)
  eden space 29184K, 0% used [0x00000000ecc80000,0x00000000ecc80000,0x00000000ee900000)
  from space 6144K, 1% used [0x00000000ef100000,0x00000000ef110000,0x00000000ef700000)
  to   space 7168K, 0% used [0x00000000ee900000,0x00000000ee900000,0x00000000ef000000)
 ParOldGen       total 68096K, used 40048K [0x00000000c6600000, 0x00000000ca880000, 0x00000000ecc80000)
  object space 68096K, 58% used [0x00000000c6600000,0x00000000c8d1c2c8,0x00000000ca880000)
 PSPermGen       total 33280K, used 17877K [0x00000000c1400000, 0x00000000c3480000, 0x00000000c6600000)
  object space 33280K, 53% used [0x00000000c1400000,0x00000000c25756c8,0x00000000c3480000)
}
Event: 1895.228 GC heap before
{Heap before GC invocations=30 (full 1):
 PSYoungGen      total 35328K, used 29248K [0x00000000ecc80000, 0x00000000ef700000, 0x0000000100000000)
  eden space 29184K, 100% used [0x00000000ecc80000,0x00000000ee900000,0x00000000ee900000)
  from space 6144K, 1% used [0x00000000ef100000,0x00000000ef110000,0x00000000ef700000)
  to   space 7168K, 0% used [0x00000000ee900000,0x00000000ee900000,0x00000000ef000000)
 ParOldGen       total 68096K, used 40048K [0x00000000c6600000, 0x00000000ca880000, 0x00000000ecc80000)
  object space 68096K, 58% used [0x00000000c6600000,0x00000000c8d1c2c8,0x00000000ca880000)
 PSPermGen       total 33280K, used 17877K [0x00000000c1400000, 0x00000000c3480000, 0x00000000c6600000)
  object space 33280K, 53% used [0x00000000c1400000,0x00000000c25756c8,0x00000000c3480000)
Event: 1895.235 GC heap after
Heap after GC invocations=30 (full 1):
 PSYoungGen      total 29184K, used 64K [0x00000000ecc80000, 0x00000000ef680000, 0x0000000100000000)
  eden space 28672K, 0% used [0x00000000ecc80000,0x00000000ecc80000,0x00000000ee880000)
  from space 512K, 12% used [0x00000000ee900000,0x00000000ee910000,0x00000000ee980000)
  to   space 7168K, 0% used [0x00000000eef80000,0x00000000eef80000,0x00000000ef680000)
 ParOldGen       total 68096K, used 40056K [0x00000000c6600000, 0x00000000ca880000, 0x00000000ecc80000)
  object space 68096K, 58% used [0x00000000c6600000,0x00000000c8d1e2c8,0x00000000ca880000)
 PSPermGen       total 33280K, used 17877K [0x00000000c1400000, 0x00000000c3480000, 0x00000000c6600000)
  object space 33280K, 53% used [0x00000000c1400000,0x00000000c25756c8,0x00000000c3480000)
}
Event: 2117.854 GC heap before
{Heap before GC invocations=31 (full 1):
 PSYoungGen      total 29184K, used 28736K [0x00000000ecc80000, 0x00000000ef680000, 0x0000000100000000)
  eden space 28672K, 100% used [0x00000000ecc80000,0x00000000ee880000,0x00000000ee880000)
  from space 512K, 12% used [0x00000000ee900000,0x00000000ee910000,0x00000000ee980000)
  to   space 7168K, 0% used [0x00000000eef80000,0x00000000eef80000,0x00000000ef680000)
 ParOldGen       total 68096K, used 40056K [0x00000000c6600000, 0x00000000ca880000, 0x00000000ecc80000)
  object space 68096K, 58% used [0x00000000c6600000,0x00000000c8d1e2c8,0x00000000ca880000)
 PSPermGen       total 33280K, used 17899K [0x00000000c1400000, 0x00000000c3480000, 0x00000000c6600000)
  object space 33280K, 53% used [0x00000000c1400000,0x00000000c257ad40,0x00000000c3480000)
Event: 2117.866 GC heap after
Heap after GC invocations=31 (full 1):
 PSYoungGen      total 34816K, used 3200K [0x00000000ecc80000, 0x00000000ef600000, 0x0000000100000000)
  eden space 28160K, 0% used [0x00000000ecc80000,0x00000000ecc80000,0x00000000ee800000)
  from space 6656K, 48% used [0x00000000eef80000,0x00000000ef2a0010,0x00000000ef600000)
  to   space 7168K, 0% used [0x00000000ee800000,0x00000000ee800000,0x00000000eef00000)
 ParOldGen       total 68096K, used 40056K [0x00000000c6600000, 0x00000000ca880000, 0x00000000ecc80000)
  object space 68096K, 58% used [0x00000000c6600000,0x00000000c8d1e2c8,0x00000000ca880000)
 PSPermGen       total 33280K, used 17899K [0x00000000c1400000, 0x00000000c3480000, 0x00000000c6600000)
  object space 33280K, 53% used [0x00000000c1400000,0x00000000c257ad40,0x00000000c3480000)
}

