# JRE version: Java(TM) SE Runtime Environment (7.0_40-b43) (build 1.7.0_40-b43)
# Java VM: Java HotSpot(TM) 64-Bit Server VM (24.0-b56 mixed mode linux-amd64 compressed oops)
Heap
 PSYoungGen      total 33792K, used 24136K [0x00000000ecc80000, 0x00000000eef80000, 0x0000000100000000)
  eden space 31744K, 76% used [0x00000000ecc80000,0x00000000ee412320,0x00000000eeb80000)
  from space 2048K, 0% used [0x00000000eed80000,0x00000000eed80000,0x00000000eef80000)
  to   space 2048K, 0% used [0x00000000eeb80000,0x00000000eeb80000,0x00000000eed80000)
 ParOldGen       total 79872K, used 33166K [0x00000000c6600000, 0x00000000cb400000, 0x00000000ecc80000)
  object space 79872K, 41% used [0x00000000c6600000,0x00000000c8663a98,0x00000000cb400000)
 PSPermGen       total 33792K, used 16840K [0x00000000c1400000, 0x00000000c3500000, 0x00000000c6600000)
  object space 33792K, 49% used [0x00000000c1400000,0x00000000c2472158,0x00000000c3500000)
GC Heap History (10 events):
Event: 6.056 GC heap before
{Heap before GC invocations=1 (full 0):
 PSYoungGen      total 17920K, used 13394K [0x00000000ecc80000, 0x00000000ee000000, 0x0000000100000000)
  eden space 15872K, 84% used [0x00000000ecc80000,0x00000000ed994a98,0x00000000edc00000)
  from space 2048K, 0% used [0x00000000ede00000,0x00000000ede00000,0x00000000ee000000)
  to   space 2048K, 0% used [0x00000000edc00000,0x00000000edc00000,0x00000000ede00000)
 ParOldGen       total 38912K, used 0K [0x00000000c6600000, 0x00000000c8c00000, 0x00000000ecc80000)
  object space 38912K, 0% used [0x00000000c6600000,0x00000000c6600000,0x00000000c8c00000)
 PSPermGen       total 21504K, used 10396K [0x00000000c1400000, 0x00000000c2900000, 0x00000000c6600000)
  object space 21504K, 48% used [0x00000000c1400000,0x00000000c1e27110,0x00000000c2900000)
Event: 6.091 GC heap after
Heap after GC invocations=1 (full 0):
 PSYoungGen      total 17920K, used 2030K [0x00000000ecc80000, 0x00000000ee000000, 0x0000000100000000)
  eden space 15872K, 0% used [0x00000000ecc80000,0x00000000ecc80000,0x00000000edc00000)
  from space 2048K, 99% used [0x00000000edc00000,0x00000000eddfb898,0x00000000ede00000)
  to   space 2048K, 0% used [0x00000000ede00000,0x00000000ede00000,0x00000000ee000000)
 ParOldGen       total 38912K, used 657K [0x00000000c6600000, 0x00000000c8c00000, 0x00000000ecc80000)
  object space 38912K, 1% used [0x00000000c6600000,0x00000000c66a44c8,0x00000000c8c00000)
 PSPermGen       total 21504K, used 10396K [0x00000000c1400000, 0x00000000c2900000, 0x00000000c6600000)
  object space 21504K, 48% used [0x00000000c1400000,0x00000000c1e27110,0x00000000c2900000)
}
Event: 8.366 GC heap before
{Heap before GC invocations=2 (full 0):
 PSYoungGen      total 17920K, used 17902K [0x00000000ecc80000, 0x00000000ee000000, 0x0000000100000000)
  eden space 15872K, 100% used [0x00000000ecc80000,0x00000000edc00000,0x00000000edc00000)
  from space 2048K, 99% used [0x00000000edc00000,0x00000000eddfb898,0x00000000ede00000)
  to   space 2048K, 0% used [0x00000000ede00000,0x00000000ede00000,0x00000000ee000000)
 ParOldGen       total 38912K, used 657K [0x00000000c6600000, 0x00000000c8c00000, 0x00000000ecc80000)
  object space 38912K, 1% used [0x00000000c6600000,0x00000000c66a44c8,0x00000000c8c00000)
 PSPermGen       total 21504K, used 15804K [0x00000000c1400000, 0x00000000c2900000, 0x00000000c6600000)
  object space 21504K, 73% used [0x00000000c1400000,0x00000000c236f1e0,0x00000000c2900000)
Event: 8.407 GC heap after
Heap after GC invocations=2 (full 0):
 PSYoungGen      total 17920K, used 2018K [0x00000000ecc80000, 0x00000000eef80000, 0x0000000100000000)
  eden space 15872K, 0% used [0x00000000ecc80000,0x00000000ecc80000,0x00000000edc00000)
  from space 2048K, 98% used [0x00000000ede00000,0x00000000edff8850,0x00000000ee000000)
  to   space 2048K, 0% used [0x00000000edc00000,0x00000000edc00000,0x00000000ede00000)
 ParOldGen       total 38912K, used 6286K [0x00000000c6600000, 0x00000000c8c00000, 0x00000000ecc80000)
  object space 38912K, 16% used [0x00000000c6600000,0x00000000c6c23878,0x00000000c8c00000)
 PSPermGen       total 21504K, used 15804K [0x00000000c1400000, 0x00000000c2900000, 0x00000000c6600000)
  object space 21504K, 73% used [0x00000000c1400000,0x00000000c236f1e0,0x00000000c2900000)
}
Event: 10.848 GC heap before
{Heap before GC invocations=3 (full 0):
 PSYoungGen      total 17920K, used 17890K [0x00000000ecc80000, 0x00000000eef80000, 0x0000000100000000)
  eden space 15872K, 100% used [0x00000000ecc80000,0x00000000edc00000,0x00000000edc00000)
  from space 2048K, 98% used [0x00000000ede00000,0x00000000edff8850,0x00000000ee000000)
  to   space 2048K, 0% used [0x00000000edc00000,0x00000000edc00000,0x00000000ede00000)
 ParOldGen       total 38912K, used 6286K [0x00000000c6600000, 0x00000000c8c00000, 0x00000000ecc80000)
  object space 38912K, 16% used [0x00000000c6600000,0x00000000c6c23878,0x00000000c8c00000)
 PSPermGen       total 21504K, used 16562K [0x00000000c1400000, 0x00000000c2900000, 0x00000000c6600000)
  object space 21504K, 77% used [0x00000000c1400000,0x00000000c242c9a0,0x00000000c2900000)
Event: 10.965 GC heap after
Heap after GC invocations=3 (full 0):
 PSYoungGen      total 17920K, used 2018K [0x00000000ecc80000, 0x00000000eef80000, 0x0000000100000000)
  eden space 15872K, 0% used [0x00000000ecc80000,0x00000000ecc80000,0x00000000edc00000)
  from space 2048K, 98% used [0x00000000edc00000,0x00000000eddf8850,0x00000000ede00000)
  to   space 2048K, 0% used [0x00000000eed80000,0x00000000eed80000,0x00000000eef80000)
 ParOldGen       total 38912K, used 20584K [0x00000000c6600000, 0x00000000c8c00000, 0x00000000ecc80000)
  object space 38912K, 52% used [0x00000000c6600000,0x00000000c7a1a2e8,0x00000000c8c00000)
 PSPermGen       total 21504K, used 16562K [0x00000000c1400000, 0x00000000c2900000, 0x00000000c6600000)
  object space 21504K, 77% used [0x00000000c1400000,0x00000000c242c9a0,0x00000000c2900000)
}
Event: 16.234 GC heap before
{Heap before GC invocations=4 (full 0):
 PSYoungGen      total 17920K, used 15607K [0x00000000ecc80000, 0x00000000eef80000, 0x0000000100000000)
  eden space 15872K, 85% used [0x00000000ecc80000,0x00000000ed9c5630,0x00000000edc00000)
  from space 2048K, 98% used [0x00000000edc00000,0x00000000eddf8850,0x00000000ede00000)
  to   space 2048K, 0% used [0x00000000eed80000,0x00000000eed80000,0x00000000eef80000)
 ParOldGen       total 38912K, used 20584K [0x00000000c6600000, 0x00000000c8c00000, 0x00000000ecc80000)
  object space 38912K, 52% used [0x00000000c6600000,0x00000000c7a1a2e8,0x00000000c8c00000)
 PSPermGen       total 21504K, used 16691K [0x00000000c1400000, 0x00000000c2900000, 0x00000000c6600000)
  object space 21504K, 77% used [0x00000000c1400000,0x00000000c244ccc8,0x00000000c2900000)
Event: 16.331 GC heap after
Heap after GC invocations=4 (full 0):
 PSYoungGen      total 33792K, used 2034K [0x00000000ecc80000, 0x00000000eef80000, 0x0000000100000000)
  eden space 31744K, 0% used [0x00000000ecc80000,0x00000000ecc80000,0x00000000eeb80000)
  from space 2048K, 99% used [0x00000000eed80000,0x00000000eef7c860,0x00000000eef80000)
  to   space 2048K, 0% used [0x00000000eeb80000,0x00000000eeb80000,0x00000000eed80000)
 ParOldGen       total 38912K, used 33424K [0x00000000c6600000, 0x00000000c8c00000, 0x00000000ecc80000)
  object space 38912K, 85% used [0x00000000c6600000,0x00000000c86a4338,0x00000000c8c00000)
 PSPermGen       total 21504K, used 16691K [0x00000000c1400000, 0x00000000c2900000, 0x00000000c6600000)
  object space 21504K, 77% used [0x00000000c1400000,0x00000000c244ccc8,0x00000000c2900000)
}
Event: 16.332 GC heap before
{Heap before GC invocations=5 (full 1):
 PSYoungGen      total 33792K, used 2034K [0x00000000ecc80000, 0x00000000eef80000, 0x0000000100000000)
  eden space 31744K, 0% used [0x00000000ecc80000,0x00000000ecc80000,0x00000000eeb80000)
  from space 2048K, 99% used [0x00000000eed80000,0x00000000eef7c860,0x00000000eef80000)
  to   space 2048K, 0% used [0x00000000eeb80000,0x00000000eeb80000,0x00000000eed80000)
 ParOldGen       total 38912K, used 33424K [0x00000000c6600000, 0x00000000c8c00000, 0x00000000ecc80000)
  object space 38912K, 85% used [0x00000000c6600000,0x00000000c86a4338,0x00000000c8c00000)
 PSPermGen       total 21504K, used 16691K [0x00000000c1400000, 0x00000000c2900000, 0x00000000c6600000)
  object space 21504K, 77% used [0x00000000c1400000,0x00000000c244ccc8,0x00000000c2900000)
Event: 17.175 GC heap after
Heap after GC invocations=5 (full 1):
 PSYoungGen      total 33792K, used 0K [0x00000000ecc80000, 0x00000000eef80000, 0x0000000100000000)
  eden space 31744K, 0% used [0x00000000ecc80000,0x00000000ecc80000,0x00000000eeb80000)
  from space 2048K, 0% used [0x00000000eed80000,0x00000000eed80000,0x00000000eef80000)
  to   space 2048K, 0% used [0x00000000eeb80000,0x00000000eeb80000,0x00000000eed80000)
 ParOldGen       total 79872K, used 33166K [0x00000000c6600000, 0x00000000cb400000, 0x00000000ecc80000)
  object space 79872K, 41% used [0x00000000c6600000,0x00000000c8663a98,0x00000000cb400000)
 PSPermGen       total 33792K, used 16686K [0x00000000c1400000, 0x00000000c3500000, 0x00000000c6600000)
  object space 33792K, 49% used [0x00000000c1400000,0x00000000c244bb90,0x00000000c3500000)
}

