# JRE version: Java(TM) SE Runtime Environment (7.0_40-b43) (build 1.7.0_40-b43)
# Java VM: Java HotSpot(TM) 64-Bit Server VM (24.0-b56 mixed mode linux-amd64 compressed oops)
Heap
 PSYoungGen      total 26112K, used 14450K [0x00000000ecc80000, 0x00000000f0a00000, 0x0000000100000000)
  eden space 24064K, 55% used [0x00000000ecc80000,0x00000000ed984b58,0x00000000ee400000)
  from space 2048K, 54% used [0x00000000eeb00000,0x00000000eec18000,0x00000000eed00000)
  to   space 19456K, 0% used [0x00000000ef700000,0x00000000ef700000,0x00000000f0a00000)
 ParOldGen       total 75264K, used 37278K [0x00000000c6600000, 0x00000000caf80000, 0x00000000ecc80000)
  object space 75264K, 49% used [0x00000000c6600000,0x00000000c8a67bf8,0x00000000caf80000)
 PSPermGen       total 33280K, used 17710K [0x00000000c1400000, 0x00000000c3480000, 0x00000000c6600000)
  object space 33280K, 53% used [0x00000000c1400000,0x00000000c254b898,0x00000000c3480000)
GC Heap History (10 events):
Event: 15.430 GC heap before
{Heap before GC invocations=2 (full 0):
 PSYoungGen      total 17920K, used 17910K [0x00000000ecc80000, 0x00000000ee000000, 0x0000000100000000)
  eden space 15872K, 99% used [0x00000000ecc80000,0x00000000edbffff8,0x00000000edc00000)
  from space 2048K, 99% used [0x00000000edc00000,0x00000000eddfd9e0,0x00000000ede00000)
  to   space 2048K, 0% used [0x00000000ede00000,0x00000000ede00000,0x00000000ee000000)
 ParOldGen       total 38912K, used 8989K [0x00000000c6600000, 0x00000000c8c00000, 0x00000000ecc80000)
  object space 38912K, 23% used [0x00000000c6600000,0x00000000c6ec7720,0x00000000c8c00000)
 PSPermGen       total 21504K, used 16513K [0x00000000c1400000, 0x00000000c2900000, 0x00000000c6600000)
  object space 21504K, 76% used [0x00000000c1400000,0x00000000c24206c8,0x00000000c2900000)
Event: 15.538 GC heap after
Heap after GC invocations=2 (full 0):
 PSYoungGen      total 17920K, used 2018K [0x00000000ecc80000, 0x00000000eef80000, 0x0000000100000000)
  eden space 15872K, 0% used [0x00000000ecc80000,0x00000000ecc80000,0x00000000edc00000)
  from space 2048K, 98% used [0x00000000ede00000,0x00000000edff8870,0x00000000ee000000)
  to   space 2048K, 0% used [0x00000000edc00000,0x00000000edc00000,0x00000000ede00000)
 ParOldGen       total 38912K, used 14978K [0x00000000c6600000, 0x00000000c8c00000, 0x00000000ecc80000)
  object space 38912K, 38% used [0x00000000c6600000,0x00000000c74a0b18,0x00000000c8c00000)
 PSPermGen       total 21504K, used 16513K [0x00000000c1400000, 0x00000000c2900000, 0x00000000c6600000)
  object space 21504K, 76% used [0x00000000c1400000,0x00000000c24206c8,0x00000000c2900000)
}
Event: 18.120 GC heap before
{Heap before GC invocations=3 (full 0):
 PSYoungGen      total 17920K, used 17464K [0x00000000ecc80000, 0x00000000eef80000, 0x0000000100000000)
  eden space 15872K, 97% used [0x00000000ecc80000,0x00000000edb95a80,0x00000000edc00000)
  from space 2048K, 98% used [0x00000000ede00000,0x00000000edff8870,0x00000000ee000000)
  to   space 2048K, 0% used [0x00000000edc00000,0x00000000edc00000,0x00000000ede00000)
 ParOldGen       total 38912K, used 14978K [0x00000000c6600000, 0x00000000c8c00000, 0x00000000ecc80000)
  object space 38912K, 38% used [0x00000000c6600000,0x00000000c74a0b18,0x00000000c8c00000)
 PSPermGen       total 21504K, used 16513K [0x00000000c1400000, 0x00000000c2900000, 0x00000000c6600000)
  object space 21504K, 76% used [0x00000000c1400000,0x00000000c24206c8,0x00000000c2900000)
Event: 18.337 GC heap after
Heap after GC invocations=3 (full 0):
 PSYoungGen      total 17920K, used 2034K [0x00000000ecc80000, 0x00000000eef80000, 0x0000000100000000)
  eden space 15872K, 0% used [0x00000000ecc80000,0x00000000ecc80000,0x00000000edc00000)
  from space 2048K, 99% used [0x00000000edc00000,0x00000000eddfc860,0x00000000ede00000)
  to   space 2048K, 0% used [0x00000000eed80000,0x00000000eed80000,0x00000000eef80000)
 ParOldGen       total 38912K, used 30418K [0x00000000c6600000, 0x00000000c8c00000, 0x00000000ecc80000)
  object space 38912K, 78% used [0x00000000c6600000,0x00000000c83b4b58,0x00000000c8c00000)
 PSPermGen       total 21504K, used 16513K [0x00000000c1400000, 0x00000000c2900000, 0x00000000c6600000)
  object space 21504K, 76% used [0x00000000c1400000,0x00000000c24206c8,0x00000000c2900000)
}
Event: 18.337 GC heap before
{Heap before GC invocations=4 (full 1):
 PSYoungGen      total 17920K, used 2034K [0x00000000ecc80000, 0x00000000eef80000, 0x0000000100000000)
  eden space 15872K, 0% used [0x00000000ecc80000,0x00000000ecc80000,0x00000000edc00000)
  from space 2048K, 99% used [0x00000000edc00000,0x00000000eddfc860,0x00000000ede00000)
  to   space 2048K, 0% used [0x00000000eed80000,0x00000000eed80000,0x00000000eef80000)
 ParOldGen       total 38912K, used 30418K [0x00000000c6600000, 0x00000000c8c00000, 0x00000000ecc80000)
  object space 38912K, 78% used [0x00000000c6600000,0x00000000c83b4b58,0x00000000c8c00000)
 PSPermGen       total 21504K, used 16513K [0x00000000c1400000, 0x00000000c2900000, 0x00000000c6600000)
  object space 21504K, 76% used [0x00000000c1400000,0x00000000c24206c8,0x00000000c2900000)
Event: 20.000 GC heap after
Heap after GC invocations=4 (full 1):
 PSYoungGen      total 17920K, used 0K [0x00000000ecc80000, 0x00000000eef80000, 0x0000000100000000)
  eden space 15872K, 0% used [0x00000000ecc80000,0x00000000ecc80000,0x00000000edc00000)
  from space 2048K, 0% used [0x00000000edc00000,0x00000000edc00000,0x00000000ede00000)
  to   space 2048K, 0% used [0x00000000eed80000,0x00000000eed80000,0x00000000eef80000)
 ParOldGen       total 75264K, used 31126K [0x00000000c6600000, 0x00000000caf80000, 0x00000000ecc80000)
  object space 75264K, 41% used [0x00000000c6600000,0x00000000c8465bd8,0x00000000caf80000)
 PSPermGen       total 33280K, used 16509K [0x00000000c1400000, 0x00000000c3480000, 0x00000000c6600000)
  object space 33280K, 49% used [0x00000000c1400000,0x00000000c241f5e0,0x00000000c3480000)
}
Event: 32.626 GC heap before
{Heap before GC invocations=5 (full 1):
 PSYoungGen      total 17920K, used 15430K [0x00000000ecc80000, 0x00000000eef80000, 0x0000000100000000)
  eden space 15872K, 97% used [0x00000000ecc80000,0x00000000edb91988,0x00000000edc00000)
  from space 2048K, 0% used [0x00000000edc00000,0x00000000edc00000,0x00000000ede00000)
  to   space 2048K, 0% used [0x00000000eed80000,0x00000000eed80000,0x00000000eef80000)
 ParOldGen       total 75264K, used 31126K [0x00000000c6600000, 0x00000000caf80000, 0x00000000ecc80000)
  object space 75264K, 41% used [0x00000000c6600000,0x00000000c8465bd8,0x00000000caf80000)
 PSPermGen       total 33280K, used 17563K [0x00000000c1400000, 0x00000000c3480000, 0x00000000c6600000)
  object space 33280K, 52% used [0x00000000c1400000,0x00000000c2526fc0,0x00000000c3480000)
Event: 32.666 GC heap after
Heap after GC invocations=5 (full 1):
 PSYoungGen      total 21504K, used 1152K [0x00000000ecc80000, 0x00000000eef00000, 0x0000000100000000)
  eden space 19968K, 0% used [0x00000000ecc80000,0x00000000ecc80000,0x00000000ee000000)
  from space 1536K, 75% used [0x00000000eed80000,0x00000000eeea0000,0x00000000eef00000)
  to   space 2048K, 0% used [0x00000000eeb00000,0x00000000eeb00000,0x00000000eed00000)
 ParOldGen       total 75264K, used 37270K [0x00000000c6600000, 0x00000000caf80000, 0x00000000ecc80000)
  object space 75264K, 49% used [0x00000000c6600000,0x00000000c8a65bf8,0x00000000caf80000)
 PSPermGen       total 33280K, used 17563K [0x00000000c1400000, 0x00000000c3480000, 0x00000000c6600000)
  object space 33280K, 52% used [0x00000000c1400000,0x00000000c2526fc0,0x00000000c3480000)
}
Event: 39.056 GC heap before
{Heap before GC invocations=6 (full 1):
 PSYoungGen      total 21504K, used 19014K [0x00000000ecc80000, 0x00000000eef00000, 0x0000000100000000)
  eden space 19968K, 89% used [0x00000000ecc80000,0x00000000eddf18d8,0x00000000ee000000)
  from space 1536K, 75% used [0x00000000eed80000,0x00000000eeea0000,0x00000000eef00000)
  to   space 2048K, 0% used [0x00000000eeb00000,0x00000000eeb00000,0x00000000eed00000)
 ParOldGen       total 75264K, used 37270K [0x00000000c6600000, 0x00000000caf80000, 0x00000000ecc80000)
  object space 75264K, 49% used [0x00000000c6600000,0x00000000c8a65bf8,0x00000000caf80000)
 PSPermGen       total 33280K, used 17572K [0x00000000c1400000, 0x00000000c3480000, 0x00000000c6600000)
  object space 33280K, 52% used [0x00000000c1400000,0x00000000c2529160,0x00000000c3480000)
Event: 39.081 GC heap after
Heap after GC invocations=6 (full 1):
 PSYoungGen      total 26112K, used 1120K [0x00000000ecc80000, 0x00000000f0a00000, 0x0000000100000000)
  eden space 24064K, 0% used [0x00000000ecc80000,0x00000000ecc80000,0x00000000ee400000)
  from space 2048K, 54% used [0x00000000eeb00000,0x00000000eec18000,0x00000000eed00000)
  to   space 19456K, 0% used [0x00000000ef700000,0x00000000ef700000,0x00000000f0a00000)
 ParOldGen       total 75264K, used 37278K [0x00000000c6600000, 0x00000000caf80000, 0x00000000ecc80000)
  object space 75264K, 49% used [0x00000000c6600000,0x00000000c8a67bf8,0x00000000caf80000)
 PSPermGen       total 33280K, used 17572K [0x00000000c1400000, 0x00000000c3480000, 0x00000000c6600000)
  object space 33280K, 52% used [0x00000000c1400000,0x00000000c2529160,0x00000000c3480000)
}

