# JRE version: Java(TM) SE Runtime Environment (7.0_40-b43) (build 1.7.0_40-b43)
# Java VM: Java HotSpot(TM) 64-Bit Server VM (24.0-b56 mixed mode linux-amd64 compressed oops)
Heap
 PSYoungGen      total 33792K, used 11946K [0x00000000ecc80000, 0x00000000f2700000, 0x0000000100000000)
  eden space 31744K, 34% used [0x00000000ecc80000,0x00000000ed712b38,0x00000000eeb80000)
  from space 2048K, 54% used [0x00000000eeb80000,0x00000000eec98000,0x00000000eed80000)
  to   space 24064K, 0% used [0x00000000f0f80000,0x00000000f0f80000,0x00000000f2700000)
 ParOldGen       total 82944K, used 36335K [0x00000000c6600000, 0x00000000cb700000, 0x00000000ecc80000)
  object space 82944K, 43% used [0x00000000c6600000,0x00000000c897bd48,0x00000000cb700000)
 PSPermGen       total 34816K, used 17732K [0x00000000c1400000, 0x00000000c3600000, 0x00000000c6600000)
  object space 34816K, 50% used [0x00000000c1400000,0x00000000c2551170,0x00000000c3600000)
GC Heap History (10 events):
Event: 9.283 GC heap before
{Heap before GC invocations=2 (full 0):
 PSYoungGen      total 17920K, used 17912K [0x00000000ecc80000, 0x00000000ee000000, 0x0000000100000000)
  eden space 15872K, 100% used [0x00000000ecc80000,0x00000000edc00000,0x00000000edc00000)
  from space 2048K, 99% used [0x00000000edc00000,0x00000000eddfe030,0x00000000ede00000)
  to   space 2048K, 0% used [0x00000000ede00000,0x00000000ede00000,0x00000000ee000000)
 ParOldGen       total 38912K, used 695K [0x00000000c6600000, 0x00000000c8c00000, 0x00000000ecc80000)
  object space 38912K, 1% used [0x00000000c6600000,0x00000000c66add30,0x00000000c8c00000)
 PSPermGen       total 21504K, used 15804K [0x00000000c1400000, 0x00000000c2900000, 0x00000000c6600000)
  object space 21504K, 73% used [0x00000000c1400000,0x00000000c236f3e8,0x00000000c2900000)
Event: 9.320 GC heap after
Heap after GC invocations=2 (full 0):
 PSYoungGen      total 17920K, used 2018K [0x00000000ecc80000, 0x00000000ee000000, 0x0000000100000000)
  eden space 15872K, 0% used [0x00000000ecc80000,0x00000000ecc80000,0x00000000edc00000)
  from space 2048K, 98% used [0x00000000ede00000,0x00000000edff8870,0x00000000ee000000)
  to   space 2048K, 0% used [0x00000000edc00000,0x00000000edc00000,0x00000000ede00000)
 ParOldGen       total 38912K, used 6366K [0x00000000c6600000, 0x00000000c8c00000, 0x00000000ecc80000)
  object space 38912K, 16% used [0x00000000c6600000,0x00000000c6c37ab0,0x00000000c8c00000)
 PSPermGen       total 21504K, used 15804K [0x00000000c1400000, 0x00000000c2900000, 0x00000000c6600000)
  object space 21504K, 73% used [0x00000000c1400000,0x00000000c236f3e8,0x00000000c2900000)
}
Event: 12.396 GC heap before
{Heap before GC invocations=3 (full 0):
 PSYoungGen      total 17920K, used 17890K [0x00000000ecc80000, 0x00000000ee000000, 0x0000000100000000)
  eden space 15872K, 100% used [0x00000000ecc80000,0x00000000edc00000,0x00000000edc00000)
  from space 2048K, 98% used [0x00000000ede00000,0x00000000edff8870,0x00000000ee000000)
  to   space 2048K, 0% used [0x00000000edc00000,0x00000000edc00000,0x00000000ede00000)
 ParOldGen       total 38912K, used 6366K [0x00000000c6600000, 0x00000000c8c00000, 0x00000000ecc80000)
  object space 38912K, 16% used [0x00000000c6600000,0x00000000c6c37ab0,0x00000000c8c00000)
 PSPermGen       total 21504K, used 16513K [0x00000000c1400000, 0x00000000c2900000, 0x00000000c6600000)
  object space 21504K, 76% used [0x00000000c1400000,0x00000000c24206e0,0x00000000c2900000)
Event: 12.482 GC heap after
Heap after GC invocations=3 (full 0):
 PSYoungGen      total 17920K, used 2034K [0x00000000ecc80000, 0x00000000eef80000, 0x0000000100000000)
  eden space 15872K, 0% used [0x00000000ecc80000,0x00000000ecc80000,0x00000000edc00000)
  from space 2048K, 99% used [0x00000000edc00000,0x00000000eddfc880,0x00000000ede00000)
  to   space 2048K, 0% used [0x00000000eed80000,0x00000000eed80000,0x00000000eef80000)
 ParOldGen       total 38912K, used 21184K [0x00000000c6600000, 0x00000000c8c00000, 0x00000000ecc80000)
  object space 38912K, 54% used [0x00000000c6600000,0x00000000c7ab01f8,0x00000000c8c00000)
 PSPermGen       total 21504K, used 16513K [0x00000000c1400000, 0x00000000c2900000, 0x00000000c6600000)
  object space 21504K, 76% used [0x00000000c1400000,0x00000000c24206e0,0x00000000c2900000)
}
Event: 63.848 GC heap before
{Heap before GC invocations=4 (full 0):
 PSYoungGen      total 17920K, used 17906K [0x00000000ecc80000, 0x00000000eef80000, 0x0000000100000000)
  eden space 15872K, 100% used [0x00000000ecc80000,0x00000000edc00000,0x00000000edc00000)
  from space 2048K, 99% used [0x00000000edc00000,0x00000000eddfc880,0x00000000ede00000)
  to   space 2048K, 0% used [0x00000000eed80000,0x00000000eed80000,0x00000000eef80000)
 ParOldGen       total 38912K, used 21184K [0x00000000c6600000, 0x00000000c8c00000, 0x00000000ecc80000)
  object space 38912K, 54% used [0x00000000c6600000,0x00000000c7ab01f8,0x00000000c8c00000)
 PSPermGen       total 21504K, used 17225K [0x00000000c1400000, 0x00000000c2900000, 0x00000000c6600000)
  object space 21504K, 80% used [0x00000000c1400000,0x00000000c24d2758,0x00000000c2900000)
Event: 64.036 GC heap after
Heap after GC invocations=4 (full 0):
 PSYoungGen      total 33792K, used 2018K [0x00000000ecc80000, 0x00000000eef80000, 0x0000000100000000)
  eden space 31744K, 0% used [0x00000000ecc80000,0x00000000ecc80000,0x00000000eeb80000)
  from space 2048K, 98% used [0x00000000eed80000,0x00000000eef78850,0x00000000eef80000)
  to   space 2048K, 0% used [0x00000000eeb80000,0x00000000eeb80000,0x00000000eed80000)
 ParOldGen       total 38912K, used 36664K [0x00000000c6600000, 0x00000000c8c00000, 0x00000000ecc80000)
  object space 38912K, 94% used [0x00000000c6600000,0x00000000c89ce2b8,0x00000000c8c00000)
 PSPermGen       total 21504K, used 17225K [0x00000000c1400000, 0x00000000c2900000, 0x00000000c6600000)
  object space 21504K, 80% used [0x00000000c1400000,0x00000000c24d2758,0x00000000c2900000)
}
Event: 64.036 GC heap before
{Heap before GC invocations=5 (full 1):
 PSYoungGen      total 33792K, used 2018K [0x00000000ecc80000, 0x00000000eef80000, 0x0000000100000000)
  eden space 31744K, 0% used [0x00000000ecc80000,0x00000000ecc80000,0x00000000eeb80000)
  from space 2048K, 98% used [0x00000000eed80000,0x00000000eef78850,0x00000000eef80000)
  to   space 2048K, 0% used [0x00000000eeb80000,0x00000000eeb80000,0x00000000eed80000)
 ParOldGen       total 38912K, used 36664K [0x00000000c6600000, 0x00000000c8c00000, 0x00000000ecc80000)
  object space 38912K, 94% used [0x00000000c6600000,0x00000000c89ce2b8,0x00000000c8c00000)
 PSPermGen       total 21504K, used 17225K [0x00000000c1400000, 0x00000000c2900000, 0x00000000c6600000)
  object space 21504K, 80% used [0x00000000c1400000,0x00000000c24d2758,0x00000000c2900000)
Event: 64.972 GC heap after
Heap after GC invocations=5 (full 1):
 PSYoungGen      total 33792K, used 0K [0x00000000ecc80000, 0x00000000eef80000, 0x0000000100000000)
  eden space 31744K, 0% used [0x00000000ecc80000,0x00000000ecc80000,0x00000000eeb80000)
  from space 2048K, 0% used [0x00000000eed80000,0x00000000eed80000,0x00000000eef80000)
  to   space 2048K, 0% used [0x00000000eeb80000,0x00000000eeb80000,0x00000000eed80000)
 ParOldGen       total 82944K, used 36335K [0x00000000c6600000, 0x00000000cb700000, 0x00000000ecc80000)
  object space 82944K, 43% used [0x00000000c6600000,0x00000000c897bd48,0x00000000cb700000)
 PSPermGen       total 34816K, used 17221K [0x00000000c1400000, 0x00000000c3600000, 0x00000000c6600000)
  object space 34816K, 49% used [0x00000000c1400000,0x00000000c24d1670,0x00000000c3600000)
}
Event: 79.108 GC heap before
{Heap before GC invocations=6 (full 1):
 PSYoungGen      total 33792K, used 29425K [0x00000000ecc80000, 0x00000000eef80000, 0x0000000100000000)
  eden space 31744K, 92% used [0x00000000ecc80000,0x00000000ee93c530,0x00000000eeb80000)
  from space 2048K, 0% used [0x00000000eed80000,0x00000000eed80000,0x00000000eef80000)
  to   space 2048K, 0% used [0x00000000eeb80000,0x00000000eeb80000,0x00000000eed80000)
 ParOldGen       total 82944K, used 36335K [0x00000000c6600000, 0x00000000cb700000, 0x00000000ecc80000)
  object space 82944K, 43% used [0x00000000c6600000,0x00000000c897bd48,0x00000000cb700000)
 PSPermGen       total 34816K, used 17593K [0x00000000c1400000, 0x00000000c3600000, 0x00000000c6600000)
  object space 34816K, 50% used [0x00000000c1400000,0x00000000c252e4c0,0x00000000c3600000)
Event: 79.131 GC heap after
Heap after GC invocations=6 (full 1):
 PSYoungGen      total 33792K, used 1120K [0x00000000ecc80000, 0x00000000f2700000, 0x0000000100000000)
  eden space 31744K, 0% used [0x00000000ecc80000,0x00000000ecc80000,0x00000000eeb80000)
  from space 2048K, 54% used [0x00000000eeb80000,0x00000000eec98000,0x00000000eed80000)
  to   space 24064K, 0% used [0x00000000f0f80000,0x00000000f0f80000,0x00000000f2700000)
 ParOldGen       total 82944K, used 36335K [0x00000000c6600000, 0x00000000cb700000, 0x00000000ecc80000)
  object space 82944K, 43% used [0x00000000c6600000,0x00000000c897bd48,0x00000000cb700000)
 PSPermGen       total 34816K, used 17593K [0x00000000c1400000, 0x00000000c3600000, 0x00000000c6600000)
  object space 34816K, 50% used [0x00000000c1400000,0x00000000c252e4c0,0x00000000c3600000)
}

