# JRE version: Java(TM) SE Runtime Environment (7.0_40-b43) (build 1.7.0_40-b43)
# Java VM: Java HotSpot(TM) 64-Bit Server VM (24.0-b56 mixed mode linux-amd64 compressed oops)
Heap
 PSYoungGen      total 29184K, used 14141K [0x00000000ecc80000, 0x00000000f0e00000, 0x0000000100000000)
  eden space 27136K, 47% used [0x00000000ecc80000,0x00000000ed91f7c0,0x00000000ee700000)
  from space 2048K, 59% used [0x00000000eeb00000,0x00000000eec30000,0x00000000eed00000)
  to   space 19968K, 0% used [0x00000000efa80000,0x00000000efa80000,0x00000000f0e00000)
 ParOldGen       total 73216K, used 36052K [0x00000000c6600000, 0x00000000cad80000, 0x00000000ecc80000)
  object space 73216K, 49% used [0x00000000c6600000,0x00000000c8935100,0x00000000cad80000)
 PSPermGen       total 33280K, used 17706K [0x00000000c1400000, 0x00000000c3480000, 0x00000000c6600000)
  object space 33280K, 53% used [0x00000000c1400000,0x00000000c254ab30,0x00000000c3480000)
GC Heap History (10 events):
Event: 9.962 GC heap before
{Heap before GC invocations=2 (full 0):
 PSYoungGen      total 17920K, used 17913K [0x00000000ecc80000, 0x00000000ee000000, 0x0000000100000000)
  eden space 15872K, 99% used [0x00000000ecc80000,0x00000000edbffff0,0x00000000edc00000)
  from space 2048K, 99% used [0x00000000edc00000,0x00000000eddfe638,0x00000000ede00000)
  to   space 2048K, 0% used [0x00000000ede00000,0x00000000ede00000,0x00000000ee000000)
 ParOldGen       total 38912K, used 8436K [0x00000000c6600000, 0x00000000c8c00000, 0x00000000ecc80000)
  object space 38912K, 21% used [0x00000000c6600000,0x00000000c6e3d060,0x00000000c8c00000)
 PSPermGen       total 21504K, used 16513K [0x00000000c1400000, 0x00000000c2900000, 0x00000000c6600000)
  object space 21504K, 76% used [0x00000000c1400000,0x00000000c2420738,0x00000000c2900000)
Event: 10.015 GC heap after
Heap after GC invocations=2 (full 0):
 PSYoungGen      total 17920K, used 2019K [0x00000000ecc80000, 0x00000000ee000000, 0x0000000100000000)
  eden space 15872K, 0% used [0x00000000ecc80000,0x00000000ecc80000,0x00000000edc00000)
  from space 2048K, 98% used [0x00000000ede00000,0x00000000edff8f40,0x00000000ee000000)
  to   space 2048K, 0% used [0x00000000edc00000,0x00000000edc00000,0x00000000ede00000)
 ParOldGen       total 38912K, used 15621K [0x00000000c6600000, 0x00000000c8c00000, 0x00000000ecc80000)
  object space 38912K, 40% used [0x00000000c6600000,0x00000000c75415d8,0x00000000c8c00000)
 PSPermGen       total 21504K, used 16513K [0x00000000c1400000, 0x00000000c2900000, 0x00000000c6600000)
  object space 21504K, 76% used [0x00000000c1400000,0x00000000c2420738,0x00000000c2900000)
}
Event: 11.416 GC heap before
{Heap before GC invocations=3 (full 0):
 PSYoungGen      total 17920K, used 17485K [0x00000000ecc80000, 0x00000000ee000000, 0x0000000100000000)
  eden space 15872K, 97% used [0x00000000ecc80000,0x00000000edb9a728,0x00000000edc00000)
  from space 2048K, 98% used [0x00000000ede00000,0x00000000edff8f40,0x00000000ee000000)
  to   space 2048K, 0% used [0x00000000edc00000,0x00000000edc00000,0x00000000ede00000)
 ParOldGen       total 38912K, used 15621K [0x00000000c6600000, 0x00000000c8c00000, 0x00000000ecc80000)
  object space 38912K, 40% used [0x00000000c6600000,0x00000000c75415d8,0x00000000c8c00000)
 PSPermGen       total 21504K, used 16513K [0x00000000c1400000, 0x00000000c2900000, 0x00000000c6600000)
  object space 21504K, 76% used [0x00000000c1400000,0x00000000c2420738,0x00000000c2900000)
Event: 11.557 GC heap after
Heap after GC invocations=3 (full 0):
 PSYoungGen      total 17920K, used 2019K [0x00000000ecc80000, 0x00000000eef80000, 0x0000000100000000)
  eden space 15872K, 0% used [0x00000000ecc80000,0x00000000ecc80000,0x00000000edc00000)
  from space 2048K, 98% used [0x00000000edc00000,0x00000000eddf8f40,0x00000000ede00000)
  to   space 2048K, 0% used [0x00000000eed80000,0x00000000eed80000,0x00000000eef80000)
 ParOldGen       total 38912K, used 31037K [0x00000000c6600000, 0x00000000c8c00000, 0x00000000ecc80000)
  object space 38912K, 79% used [0x00000000c6600000,0x00000000c844f618,0x00000000c8c00000)
 PSPermGen       total 21504K, used 16513K [0x00000000c1400000, 0x00000000c2900000, 0x00000000c6600000)
  object space 21504K, 76% used [0x00000000c1400000,0x00000000c2420738,0x00000000c2900000)
}
Event: 11.557 GC heap before
{Heap before GC invocations=4 (full 1):
 PSYoungGen      total 17920K, used 2019K [0x00000000ecc80000, 0x00000000eef80000, 0x0000000100000000)
  eden space 15872K, 0% used [0x00000000ecc80000,0x00000000ecc80000,0x00000000edc00000)
  from space 2048K, 98% used [0x00000000edc00000,0x00000000eddf8f40,0x00000000ede00000)
  to   space 2048K, 0% used [0x00000000eed80000,0x00000000eed80000,0x00000000eef80000)
 ParOldGen       total 38912K, used 31037K [0x00000000c6600000, 0x00000000c8c00000, 0x00000000ecc80000)
  object space 38912K, 79% used [0x00000000c6600000,0x00000000c844f618,0x00000000c8c00000)
 PSPermGen       total 21504K, used 16513K [0x00000000c1400000, 0x00000000c2900000, 0x00000000c6600000)
  object space 21504K, 76% used [0x00000000c1400000,0x00000000c2420738,0x00000000c2900000)
Event: 12.305 GC heap after
Heap after GC invocations=4 (full 1):
 PSYoungGen      total 17920K, used 0K [0x00000000ecc80000, 0x00000000eef80000, 0x0000000100000000)
  eden space 15872K, 0% used [0x00000000ecc80000,0x00000000ecc80000,0x00000000edc00000)
  from space 2048K, 0% used [0x00000000edc00000,0x00000000edc00000,0x00000000ede00000)
  to   space 2048K, 0% used [0x00000000eed80000,0x00000000eed80000,0x00000000eef80000)
 ParOldGen       total 73216K, used 29900K [0x00000000c6600000, 0x00000000cad80000, 0x00000000ecc80000)
  object space 73216K, 40% used [0x00000000c6600000,0x00000000c83330e0,0x00000000cad80000)
 PSPermGen       total 33280K, used 16509K [0x00000000c1400000, 0x00000000c3480000, 0x00000000c6600000)
  object space 33280K, 49% used [0x00000000c1400000,0x00000000c241f650,0x00000000c3480000)
}
Event: 19.287 GC heap before
{Heap before GC invocations=5 (full 1):
 PSYoungGen      total 17920K, used 15442K [0x00000000ecc80000, 0x00000000eef80000, 0x0000000100000000)
  eden space 15872K, 97% used [0x00000000ecc80000,0x00000000edb949e8,0x00000000edc00000)
  from space 2048K, 0% used [0x00000000edc00000,0x00000000edc00000,0x00000000ede00000)
  to   space 2048K, 0% used [0x00000000eed80000,0x00000000eed80000,0x00000000eef80000)
 ParOldGen       total 73216K, used 29900K [0x00000000c6600000, 0x00000000cad80000, 0x00000000ecc80000)
  object space 73216K, 40% used [0x00000000c6600000,0x00000000c83330e0,0x00000000cad80000)
 PSPermGen       total 33280K, used 17566K [0x00000000c1400000, 0x00000000c3480000, 0x00000000c6600000)
  object space 33280K, 52% used [0x00000000c1400000,0x00000000c2527a90,0x00000000c3480000)
Event: 19.315 GC heap after
Heap after GC invocations=5 (full 1):
 PSYoungGen      total 22528K, used 1120K [0x00000000ecc80000, 0x00000000eef00000, 0x0000000100000000)
  eden space 20992K, 0% used [0x00000000ecc80000,0x00000000ecc80000,0x00000000ee100000)
  from space 1536K, 72% used [0x00000000eed80000,0x00000000eee98000,0x00000000eef00000)
  to   space 2048K, 0% used [0x00000000eeb00000,0x00000000eeb00000,0x00000000eed00000)
 ParOldGen       total 73216K, used 36052K [0x00000000c6600000, 0x00000000cad80000, 0x00000000ecc80000)
  object space 73216K, 49% used [0x00000000c6600000,0x00000000c8935100,0x00000000cad80000)
 PSPermGen       total 33280K, used 17566K [0x00000000c1400000, 0x00000000c3480000, 0x00000000c6600000)
  object space 33280K, 52% used [0x00000000c1400000,0x00000000c2527a90,0x00000000c3480000)
}
Event: 23.872 GC heap before
{Heap before GC invocations=6 (full 1):
 PSYoungGen      total 22528K, used 19296K [0x00000000ecc80000, 0x00000000eef00000, 0x0000000100000000)
  eden space 20992K, 86% used [0x00000000ecc80000,0x00000000ede403b0,0x00000000ee100000)
  from space 1536K, 72% used [0x00000000eed80000,0x00000000eee98000,0x00000000eef00000)
  to   space 2048K, 0% used [0x00000000eeb00000,0x00000000eeb00000,0x00000000eed00000)
 ParOldGen       total 73216K, used 36052K [0x00000000c6600000, 0x00000000cad80000, 0x00000000ecc80000)
  object space 73216K, 49% used [0x00000000c6600000,0x00000000c8935100,0x00000000cad80000)
 PSPermGen       total 33280K, used 17684K [0x00000000c1400000, 0x00000000c3480000, 0x00000000c6600000)
  object space 33280K, 53% used [0x00000000c1400000,0x00000000c25450e8,0x00000000c3480000)
Event: 23.898 GC heap after
Heap after GC invocations=6 (full 1):
 PSYoungGen      total 29184K, used 1216K [0x00000000ecc80000, 0x00000000f0e00000, 0x0000000100000000)
  eden space 27136K, 0% used [0x00000000ecc80000,0x00000000ecc80000,0x00000000ee700000)
  from space 2048K, 59% used [0x00000000eeb00000,0x00000000eec30000,0x00000000eed00000)
  to   space 19968K, 0% used [0x00000000efa80000,0x00000000efa80000,0x00000000f0e00000)
 ParOldGen       total 73216K, used 36052K [0x00000000c6600000, 0x00000000cad80000, 0x00000000ecc80000)
  object space 73216K, 49% used [0x00000000c6600000,0x00000000c8935100,0x00000000cad80000)
 PSPermGen       total 33280K, used 17684K [0x00000000c1400000, 0x00000000c3480000, 0x00000000c6600000)
  object space 33280K, 53% used [0x00000000c1400000,0x00000000c25450e8,0x00000000c3480000)
}

