# JRE version: Java(TM) SE Runtime Environment (7.0_40-b43) (build 1.7.0_40-b43)
# Java VM: Java HotSpot(TM) 64-Bit Server VM (24.0-b56 mixed mode linux-amd64 compressed oops)
Heap
 PSYoungGen      total 41472K, used 35799K [0x00000000ecc80000, 0x00000000f0e80000, 0x0000000100000000)
  eden space 39424K, 85% used [0x00000000ecc80000,0x00000000eed7d648,0x00000000ef300000)
  from space 2048K, 98% used [0x00000000f0c80000,0x00000000f0e78850,0x00000000f0e80000)
  to   space 2048K, 0% used [0x00000000f0a80000,0x00000000f0a80000,0x00000000f0c80000)
 ParOldGen       total 90112K, used 49841K [0x00000000c6600000, 0x00000000cbe00000, 0x00000000ecc80000)
  object space 90112K, 55% used [0x00000000c6600000,0x00000000c96ac700,0x00000000cbe00000)
 PSPermGen       total 33280K, used 16900K [0x00000000c1400000, 0x00000000c3480000, 0x00000000c6600000)
  object space 33280K, 50% used [0x00000000c1400000,0x00000000c2481080,0x00000000c3480000)
GC Heap History (10 events):
Event: 5.476 GC heap before
{Heap before GC invocations=1 (full 0):
 PSYoungGen      total 17920K, used 15872K [0x00000000ecc80000, 0x00000000ee000000, 0x0000000100000000)
  eden space 15872K, 100% used [0x00000000ecc80000,0x00000000edc00000,0x00000000edc00000)
  from space 2048K, 0% used [0x00000000ede00000,0x00000000ede00000,0x00000000ee000000)
  to   space 2048K, 0% used [0x00000000edc00000,0x00000000edc00000,0x00000000ede00000)
 ParOldGen       total 38912K, used 0K [0x00000000c6600000, 0x00000000c8c00000, 0x00000000ecc80000)
  object space 38912K, 0% used [0x00000000c6600000,0x00000000c6600000,0x00000000c8c00000)
 PSPermGen       total 21504K, used 8795K [0x00000000c1400000, 0x00000000c2900000, 0x00000000c6600000)
  object space 21504K, 40% used [0x00000000c1400000,0x00000000c1c96fc8,0x00000000c2900000)
Event: 5.561 GC heap after
Heap after GC invocations=1 (full 0):
 PSYoungGen      total 17920K, used 2039K [0x00000000ecc80000, 0x00000000eef80000, 0x0000000100000000)
  eden space 15872K, 0% used [0x00000000ecc80000,0x00000000ecc80000,0x00000000edc00000)
  from space 2048K, 99% used [0x00000000edc00000,0x00000000eddfdca0,0x00000000ede00000)
  to   space 2048K, 0% used [0x00000000eed80000,0x00000000eed80000,0x00000000eef80000)
 ParOldGen       total 38912K, used 9876K [0x00000000c6600000, 0x00000000c8c00000, 0x00000000ecc80000)
  object space 38912K, 25% used [0x00000000c6600000,0x00000000c6fa5300,0x00000000c8c00000)
 PSPermGen       total 21504K, used 8795K [0x00000000c1400000, 0x00000000c2900000, 0x00000000c6600000)
  object space 21504K, 40% used [0x00000000c1400000,0x00000000c1c96fc8,0x00000000c2900000)
}
Event: 8.083 GC heap before
{Heap before GC invocations=2 (full 0):
 PSYoungGen      total 17920K, used 16795K [0x00000000ecc80000, 0x00000000eef80000, 0x0000000100000000)
  eden space 15872K, 92% used [0x00000000ecc80000,0x00000000edae9330,0x00000000edc00000)
  from space 2048K, 99% used [0x00000000edc00000,0x00000000eddfdca0,0x00000000ede00000)
  to   space 2048K, 0% used [0x00000000eed80000,0x00000000eed80000,0x00000000eef80000)
 ParOldGen       total 38912K, used 9876K [0x00000000c6600000, 0x00000000c8c00000, 0x00000000ecc80000)
  object space 38912K, 25% used [0x00000000c6600000,0x00000000c6fa5300,0x00000000c8c00000)
 PSPermGen       total 21504K, used 10857K [0x00000000c1400000, 0x00000000c2900000, 0x00000000c6600000)
  object space 21504K, 50% used [0x00000000c1400000,0x00000000c1e9a748,0x00000000c2900000)
Event: 8.206 GC heap after
Heap after GC invocations=2 (full 0):
 PSYoungGen      total 33792K, used 2034K [0x00000000ecc80000, 0x00000000eef80000, 0x0000000100000000)
  eden space 31744K, 0% used [0x00000000ecc80000,0x00000000ecc80000,0x00000000eeb80000)
  from space 2048K, 99% used [0x00000000eed80000,0x00000000eef7c880,0x00000000eef80000)
  to   space 2048K, 0% used [0x00000000eeb80000,0x00000000eeb80000,0x00000000eed80000)
 ParOldGen       total 38912K, used 20127K [0x00000000c6600000, 0x00000000c8c00000, 0x00000000ecc80000)
  object space 38912K, 51% used [0x00000000c6600000,0x00000000c79a7e00,0x00000000c8c00000)
 PSPermGen       total 21504K, used 10857K [0x00000000c1400000, 0x00000000c2900000, 0x00000000c6600000)
  object space 21504K, 50% used [0x00000000c1400000,0x00000000c1e9a748,0x00000000c2900000)
}
Event: 13.308 GC heap before
{Heap before GC invocations=3 (full 0):
 PSYoungGen      total 33792K, used 33362K [0x00000000ecc80000, 0x00000000eef80000, 0x0000000100000000)
  eden space 31744K, 98% used [0x00000000ecc80000,0x00000000eeb182d8,0x00000000eeb80000)
  from space 2048K, 99% used [0x00000000eed80000,0x00000000eef7c880,0x00000000eef80000)
  to   space 2048K, 0% used [0x00000000eeb80000,0x00000000eeb80000,0x00000000eed80000)
 ParOldGen       total 38912K, used 20127K [0x00000000c6600000, 0x00000000c8c00000, 0x00000000ecc80000)
  object space 38912K, 51% used [0x00000000c6600000,0x00000000c79a7e00,0x00000000c8c00000)
 PSPermGen       total 21504K, used 16498K [0x00000000c1400000, 0x00000000c2900000, 0x00000000c6600000)
  object space 21504K, 76% used [0x00000000c1400000,0x00000000c241c8f0,0x00000000c2900000)
Event: 13.463 GC heap after
Heap after GC invocations=3 (full 0):
 PSYoungGen      total 33792K, used 2033K [0x00000000ecc80000, 0x00000000f0e80000, 0x0000000100000000)
  eden space 31744K, 0% used [0x00000000ecc80000,0x00000000ecc80000,0x00000000eeb80000)
  from space 2048K, 99% used [0x00000000eeb80000,0x00000000eed7c760,0x00000000eed80000)
  to   space 2048K, 0% used [0x00000000f0c80000,0x00000000f0c80000,0x00000000f0e80000)
 ParOldGen       total 41472K, used 41385K [0x00000000c6600000, 0x00000000c8e80000, 0x00000000ecc80000)
  object space 41472K, 99% used [0x00000000c6600000,0x00000000c8e6a7c8,0x00000000c8e80000)
 PSPermGen       total 21504K, used 16498K [0x00000000c1400000, 0x00000000c2900000, 0x00000000c6600000)
  object space 21504K, 76% used [0x00000000c1400000,0x00000000c241c8f0,0x00000000c2900000)
}
Event: 13.464 GC heap before
{Heap before GC invocations=4 (full 1):
 PSYoungGen      total 33792K, used 2033K [0x00000000ecc80000, 0x00000000f0e80000, 0x0000000100000000)
  eden space 31744K, 0% used [0x00000000ecc80000,0x00000000ecc80000,0x00000000eeb80000)
  from space 2048K, 99% used [0x00000000eeb80000,0x00000000eed7c760,0x00000000eed80000)
  to   space 2048K, 0% used [0x00000000f0c80000,0x00000000f0c80000,0x00000000f0e80000)
 ParOldGen       total 41472K, used 41385K [0x00000000c6600000, 0x00000000c8e80000, 0x00000000ecc80000)
  object space 41472K, 99% used [0x00000000c6600000,0x00000000c8e6a7c8,0x00000000c8e80000)
 PSPermGen       total 21504K, used 16498K [0x00000000c1400000, 0x00000000c2900000, 0x00000000c6600000)
  object space 21504K, 76% used [0x00000000c1400000,0x00000000c241c8f0,0x00000000c2900000)
Event: 14.521 GC heap after
Heap after GC invocations=4 (full 1):
 PSYoungGen      total 33792K, used 2016K [0x00000000ecc80000, 0x00000000f0e80000, 0x0000000100000000)
  eden space 31744K, 0% used [0x00000000ecc80000,0x00000000ecc80000,0x00000000eeb80000)
  from space 2048K, 98% used [0x00000000eeb80000,0x00000000eed78130,0x00000000eed80000)
  to   space 2048K, 0% used [0x00000000f0c80000,0x00000000f0c80000,0x00000000f0e80000)
 ParOldGen       total 90112K, used 41210K [0x00000000c6600000, 0x00000000cbe00000, 0x00000000ecc80000)
  object space 90112K, 45% used [0x00000000c6600000,0x00000000c8e3e8b8,0x00000000cbe00000)
 PSPermGen       total 33280K, used 16494K [0x00000000c1400000, 0x00000000c3480000, 0x00000000c6600000)
  object space 33280K, 49% used [0x00000000c1400000,0x00000000c241b808,0x00000000c3480000)
}
Event: 118.038 GC heap before
{Heap before GC invocations=5 (full 1):
 PSYoungGen      total 33792K, used 33760K [0x00000000ecc80000, 0x00000000f0e80000, 0x0000000100000000)
  eden space 31744K, 100% used [0x00000000ecc80000,0x00000000eeb80000,0x00000000eeb80000)
  from space 2048K, 98% used [0x00000000eeb80000,0x00000000eed78130,0x00000000eed80000)
  to   space 2048K, 0% used [0x00000000f0c80000,0x00000000f0c80000,0x00000000f0e80000)
 ParOldGen       total 90112K, used 41210K [0x00000000c6600000, 0x00000000cbe00000, 0x00000000ecc80000)
  object space 90112K, 45% used [0x00000000c6600000,0x00000000c8e3e8b8,0x00000000cbe00000)
 PSPermGen       total 33280K, used 16643K [0x00000000c1400000, 0x00000000c3480000, 0x00000000c6600000)
  object space 33280K, 50% used [0x00000000c1400000,0x00000000c2440ef8,0x00000000c3480000)
Event: 118.133 GC heap after
Heap after GC invocations=5 (full 1):
 PSYoungGen      total 41472K, used 2018K [0x00000000ecc80000, 0x00000000f0e80000, 0x0000000100000000)
  eden space 39424K, 0% used [0x00000000ecc80000,0x00000000ecc80000,0x00000000ef300000)
  from space 2048K, 98% used [0x00000000f0c80000,0x00000000f0e78850,0x00000000f0e80000)
  to   space 2048K, 0% used [0x00000000f0a80000,0x00000000f0a80000,0x00000000f0c80000)
 ParOldGen       total 90112K, used 49841K [0x00000000c6600000, 0x00000000cbe00000, 0x00000000ecc80000)
  object space 90112K, 55% used [0x00000000c6600000,0x00000000c96ac700,0x00000000cbe00000)
 PSPermGen       total 33280K, used 16643K [0x00000000c1400000, 0x00000000c3480000, 0x00000000c6600000)
  object space 33280K, 50% used [0x00000000c1400000,0x00000000c2440ef8,0x00000000c3480000)
}

