# JRE version: Java(TM) SE Runtime Environment (7.0_40-b43) (build 1.7.0_40-b43)
# Java VM: Java HotSpot(TM) 64-Bit Server VM (24.0-b56 mixed mode linux-amd64 compressed oops)
Heap
 PSYoungGen      total 29696K, used 18744K [0x00000000ecc80000, 0x00000000f0c80000, 0x0000000100000000)
  eden space 27648K, 60% used [0x00000000ecc80000,0x00000000edcd22a0,0x00000000ee780000)
  from space 2048K, 99% used [0x00000000eeb80000,0x00000000eed7c010,0x00000000eed80000)
  to   space 18944K, 0% used [0x00000000efa00000,0x00000000efa00000,0x00000000f0c80000)
 ParOldGen       total 68096K, used 36331K [0x00000000c6600000, 0x00000000ca880000, 0x00000000ecc80000)
  object space 68096K, 53% used [0x00000000c6600000,0x00000000c897ad98,0x00000000ca880000)
 PSPermGen       total 33280K, used 17471K [0x00000000c1400000, 0x00000000c3480000, 0x00000000c6600000)
  object space 33280K, 52% used [0x00000000c1400000,0x00000000c250fde8,0x00000000c3480000)
GC Heap History (10 events):
Event: 9.753 GC heap before
{Heap before GC invocations=2 (full 0):
 PSYoungGen      total 17920K, used 16824K [0x00000000ecc80000, 0x00000000ee000000, 0x0000000100000000)
  eden space 15872K, 93% used [0x00000000ecc80000,0x00000000edaf1550,0x00000000edc00000)
  from space 2048K, 99% used [0x00000000edc00000,0x00000000eddfcdc0,0x00000000ede00000)
  to   space 2048K, 0% used [0x00000000ede00000,0x00000000ede00000,0x00000000ee000000)
 ParOldGen       total 38912K, used 4174K [0x00000000c6600000, 0x00000000c8c00000, 0x00000000ecc80000)
  object space 38912K, 10% used [0x00000000c6600000,0x00000000c6a13a60,0x00000000c8c00000)
 PSPermGen       total 21504K, used 16507K [0x00000000c1400000, 0x00000000c2900000, 0x00000000c6600000)
  object space 21504K, 76% used [0x00000000c1400000,0x00000000c241eef8,0x00000000c2900000)
Event: 9.817 GC heap after
Heap after GC invocations=2 (full 0):
 PSYoungGen      total 17920K, used 2034K [0x00000000ecc80000, 0x00000000eef80000, 0x0000000100000000)
  eden space 15872K, 0% used [0x00000000ecc80000,0x00000000ecc80000,0x00000000edc00000)
  from space 2048K, 99% used [0x00000000ede00000,0x00000000edffc880,0x00000000ee000000)
  to   space 2048K, 0% used [0x00000000edc00000,0x00000000edc00000,0x00000000ede00000)
 ParOldGen       total 38912K, used 9279K [0x00000000c6600000, 0x00000000c8c00000, 0x00000000ecc80000)
  object space 38912K, 23% used [0x00000000c6600000,0x00000000c6f0ff38,0x00000000c8c00000)
 PSPermGen       total 21504K, used 16507K [0x00000000c1400000, 0x00000000c2900000, 0x00000000c6600000)
  object space 21504K, 76% used [0x00000000c1400000,0x00000000c241eef8,0x00000000c2900000)
}
Event: 11.135 GC heap before
{Heap before GC invocations=3 (full 0):
 PSYoungGen      total 17920K, used 17739K [0x00000000ecc80000, 0x00000000eef80000, 0x0000000100000000)
  eden space 15872K, 98% used [0x00000000ecc80000,0x00000000edbd6460,0x00000000edc00000)
  from space 2048K, 99% used [0x00000000ede00000,0x00000000edffc880,0x00000000ee000000)
  to   space 2048K, 0% used [0x00000000edc00000,0x00000000edc00000,0x00000000ede00000)
 ParOldGen       total 38912K, used 9279K [0x00000000c6600000, 0x00000000c8c00000, 0x00000000ecc80000)
  object space 38912K, 23% used [0x00000000c6600000,0x00000000c6f0ff38,0x00000000c8c00000)
 PSPermGen       total 21504K, used 16509K [0x00000000c1400000, 0x00000000c2900000, 0x00000000c6600000)
  object space 21504K, 76% used [0x00000000c1400000,0x00000000c241f7f8,0x00000000c2900000)
Event: 11.253 GC heap after
Heap after GC invocations=3 (full 0):
 PSYoungGen      total 17920K, used 2018K [0x00000000ecc80000, 0x00000000eef80000, 0x0000000100000000)
  eden space 15872K, 0% used [0x00000000ecc80000,0x00000000ecc80000,0x00000000edc00000)
  from space 2048K, 98% used [0x00000000edc00000,0x00000000eddf8890,0x00000000ede00000)
  to   space 2048K, 0% used [0x00000000eed80000,0x00000000eed80000,0x00000000eef80000)
 ParOldGen       total 38912K, used 24935K [0x00000000c6600000, 0x00000000c8c00000, 0x00000000ecc80000)
  object space 38912K, 64% used [0x00000000c6600000,0x00000000c7e59f68,0x00000000c8c00000)
 PSPermGen       total 21504K, used 16509K [0x00000000c1400000, 0x00000000c2900000, 0x00000000c6600000)
  object space 21504K, 76% used [0x00000000c1400000,0x00000000c241f7f8,0x00000000c2900000)
}
Event: 11.253 GC heap before
{Heap before GC invocations=4 (full 1):
 PSYoungGen      total 17920K, used 2018K [0x00000000ecc80000, 0x00000000eef80000, 0x0000000100000000)
  eden space 15872K, 0% used [0x00000000ecc80000,0x00000000ecc80000,0x00000000edc00000)
  from space 2048K, 98% used [0x00000000edc00000,0x00000000eddf8890,0x00000000ede00000)
  to   space 2048K, 0% used [0x00000000eed80000,0x00000000eed80000,0x00000000eef80000)
 ParOldGen       total 38912K, used 24935K [0x00000000c6600000, 0x00000000c8c00000, 0x00000000ecc80000)
  object space 38912K, 64% used [0x00000000c6600000,0x00000000c7e59f68,0x00000000c8c00000)
 PSPermGen       total 21504K, used 16509K [0x00000000c1400000, 0x00000000c2900000, 0x00000000c6600000)
  object space 21504K, 76% used [0x00000000c1400000,0x00000000c241f7f8,0x00000000c2900000)
Event: 11.954 GC heap after
Heap after GC invocations=4 (full 1):
 PSYoungGen      total 17920K, used 0K [0x00000000ecc80000, 0x00000000eef80000, 0x0000000100000000)
  eden space 15872K, 0% used [0x00000000ecc80000,0x00000000ecc80000,0x00000000edc00000)
  from space 2048K, 0% used [0x00000000edc00000,0x00000000edc00000,0x00000000ede00000)
  to   space 2048K, 0% used [0x00000000eed80000,0x00000000eed80000,0x00000000eef80000)
 ParOldGen       total 68096K, used 25654K [0x00000000c6600000, 0x00000000ca880000, 0x00000000ecc80000)
  object space 68096K, 37% used [0x00000000c6600000,0x00000000c7f0daf0,0x00000000ca880000)
 PSPermGen       total 33280K, used 16505K [0x00000000c1400000, 0x00000000c3480000, 0x00000000c6600000)
  object space 33280K, 49% used [0x00000000c1400000,0x00000000c241e710,0x00000000c3480000)
}
Event: 16.320 GC heap before
{Heap before GC invocations=5 (full 1):
 PSYoungGen      total 17920K, used 15872K [0x00000000ecc80000, 0x00000000eef80000, 0x0000000100000000)
  eden space 15872K, 100% used [0x00000000ecc80000,0x00000000edc00000,0x00000000edc00000)
  from space 2048K, 0% used [0x00000000edc00000,0x00000000edc00000,0x00000000ede00000)
  to   space 2048K, 0% used [0x00000000eed80000,0x00000000eed80000,0x00000000eef80000)
 ParOldGen       total 68096K, used 25654K [0x00000000c6600000, 0x00000000ca880000, 0x00000000ecc80000)
  object space 68096K, 37% used [0x00000000c6600000,0x00000000c7f0daf0,0x00000000ca880000)
 PSPermGen       total 33280K, used 17129K [0x00000000c1400000, 0x00000000c3480000, 0x00000000c6600000)
  object space 33280K, 51% used [0x00000000c1400000,0x00000000c24ba6d0,0x00000000c3480000)
Event: 16.386 GC heap after
Heap after GC invocations=5 (full 1):
 PSYoungGen      total 23552K, used 2032K [0x00000000ecc80000, 0x00000000eef80000, 0x0000000100000000)
  eden space 21504K, 0% used [0x00000000ecc80000,0x00000000ecc80000,0x00000000ee180000)
  from space 2048K, 99% used [0x00000000eed80000,0x00000000eef7c010,0x00000000eef80000)
  to   space 2048K, 0% used [0x00000000eeb80000,0x00000000eeb80000,0x00000000eed80000)
 ParOldGen       total 68096K, used 36142K [0x00000000c6600000, 0x00000000ca880000, 0x00000000ecc80000)
  object space 68096K, 53% used [0x00000000c6600000,0x00000000c894bb30,0x00000000ca880000)
 PSPermGen       total 33280K, used 17129K [0x00000000c1400000, 0x00000000c3480000, 0x00000000c6600000)
  object space 33280K, 51% used [0x00000000c1400000,0x00000000c24ba6d0,0x00000000c3480000)
}
Event: 19.479 GC heap before
{Heap before GC invocations=6 (full 1):
 PSYoungGen      total 23552K, used 21767K [0x00000000ecc80000, 0x00000000eef80000, 0x0000000100000000)
  eden space 21504K, 91% used [0x00000000ecc80000,0x00000000edfc5f38,0x00000000ee180000)
  from space 2048K, 99% used [0x00000000eed80000,0x00000000eef7c010,0x00000000eef80000)
  to   space 2048K, 0% used [0x00000000eeb80000,0x00000000eeb80000,0x00000000eed80000)
 ParOldGen       total 68096K, used 36142K [0x00000000c6600000, 0x00000000ca880000, 0x00000000ecc80000)
  object space 68096K, 53% used [0x00000000c6600000,0x00000000c894bb30,0x00000000ca880000)
 PSPermGen       total 33280K, used 17334K [0x00000000c1400000, 0x00000000c3480000, 0x00000000c6600000)
  object space 33280K, 52% used [0x00000000c1400000,0x00000000c24ed878,0x00000000c3480000)
Event: 19.501 GC heap after
Heap after GC invocations=6 (full 1):
 PSYoungGen      total 29696K, used 2032K [0x00000000ecc80000, 0x00000000f0c80000, 0x0000000100000000)
  eden space 27648K, 0% used [0x00000000ecc80000,0x00000000ecc80000,0x00000000ee780000)
  from space 2048K, 99% used [0x00000000eeb80000,0x00000000eed7c010,0x00000000eed80000)
  to   space 18944K, 0% used [0x00000000efa00000,0x00000000efa00000,0x00000000f0c80000)
 ParOldGen       total 68096K, used 36331K [0x00000000c6600000, 0x00000000ca880000, 0x00000000ecc80000)
  object space 68096K, 53% used [0x00000000c6600000,0x00000000c897ad98,0x00000000ca880000)
 PSPermGen       total 33280K, used 17334K [0x00000000c1400000, 0x00000000c3480000, 0x00000000c6600000)
  object space 33280K, 52% used [0x00000000c1400000,0x00000000c24ed878,0x00000000c3480000)
}

