# JRE version: Java(TM) SE Runtime Environment (7.0_40-b43) (build 1.7.0_40-b43)
# Java VM: Java HotSpot(TM) 64-Bit Server VM (24.0-b56 mixed mode linux-amd64 compressed oops)
Heap
 PSYoungGen      total 31232K, used 23889K [0x00000000ecc80000, 0x00000000f0c00000, 0x0000000100000000)
  eden space 29184K, 78% used [0x00000000ecc80000,0x00000000ee2cc530,0x00000000ee900000)
  from space 2048K, 51% used [0x00000000eeb00000,0x00000000eec08000,0x00000000eed00000)
  to   space 17920K, 0% used [0x00000000efa80000,0x00000000efa80000,0x00000000f0c00000)
 ParOldGen       total 72192K, used 37575K [0x00000000c6600000, 0x00000000cac80000, 0x00000000ecc80000)
  object space 72192K, 52% used [0x00000000c6600000,0x00000000c8ab1ea8,0x00000000cac80000)
 PSPermGen       total 33280K, used 17597K [0x00000000c1400000, 0x00000000c3480000, 0x00000000c6600000)
  object space 33280K, 52% used [0x00000000c1400000,0x00000000c252f5f0,0x00000000c3480000)
GC Heap History (10 events):
Event: 10.145 GC heap before
{Heap before GC invocations=2 (full 0):
 PSYoungGen      total 17920K, used 17893K [0x00000000ecc80000, 0x00000000ee000000, 0x0000000100000000)
  eden space 15872K, 100% used [0x00000000ecc80000,0x00000000edc00000,0x00000000edc00000)
  from space 2048K, 98% used [0x00000000edc00000,0x00000000eddf94f0,0x00000000ede00000)
  to   space 2048K, 0% used [0x00000000ede00000,0x00000000ede00000,0x00000000ee000000)
 ParOldGen       total 38912K, used 10928K [0x00000000c6600000, 0x00000000c8c00000, 0x00000000ecc80000)
  object space 38912K, 28% used [0x00000000c6600000,0x00000000c70ac088,0x00000000c8c00000)
 PSPermGen       total 21504K, used 16516K [0x00000000c1400000, 0x00000000c2900000, 0x00000000c6600000)
  object space 21504K, 76% used [0x00000000c1400000,0x00000000c2421258,0x00000000c2900000)
Event: 10.226 GC heap after
Heap after GC invocations=2 (full 0):
 PSYoungGen      total 17920K, used 2034K [0x00000000ecc80000, 0x00000000eef80000, 0x0000000100000000)
  eden space 15872K, 0% used [0x00000000ecc80000,0x00000000ecc80000,0x00000000edc00000)
  from space 2048K, 99% used [0x00000000ede00000,0x00000000edffc880,0x00000000ee000000)
  to   space 2048K, 0% used [0x00000000edc00000,0x00000000edc00000,0x00000000ede00000)
 ParOldGen       total 38912K, used 15162K [0x00000000c6600000, 0x00000000c8c00000, 0x00000000ecc80000)
  object space 38912K, 38% used [0x00000000c6600000,0x00000000c74ce848,0x00000000c8c00000)
 PSPermGen       total 21504K, used 16516K [0x00000000c1400000, 0x00000000c2900000, 0x00000000c6600000)
  object space 21504K, 76% used [0x00000000c1400000,0x00000000c2421258,0x00000000c2900000)
}
Event: 11.553 GC heap before
{Heap before GC invocations=3 (full 0):
 PSYoungGen      total 17920K, used 17217K [0x00000000ecc80000, 0x00000000eef80000, 0x0000000100000000)
  eden space 15872K, 95% used [0x00000000ecc80000,0x00000000edb53dc0,0x00000000edc00000)
  from space 2048K, 99% used [0x00000000ede00000,0x00000000edffc880,0x00000000ee000000)
  to   space 2048K, 0% used [0x00000000edc00000,0x00000000edc00000,0x00000000ede00000)
 ParOldGen       total 38912K, used 15162K [0x00000000c6600000, 0x00000000c8c00000, 0x00000000ecc80000)
  object space 38912K, 38% used [0x00000000c6600000,0x00000000c74ce848,0x00000000c8c00000)
 PSPermGen       total 21504K, used 16516K [0x00000000c1400000, 0x00000000c2900000, 0x00000000c6600000)
  object space 21504K, 76% used [0x00000000c1400000,0x00000000c2421258,0x00000000c2900000)
Event: 11.706 GC heap after
Heap after GC invocations=3 (full 0):
 PSYoungGen      total 17920K, used 2034K [0x00000000ecc80000, 0x00000000eef80000, 0x0000000100000000)
  eden space 15872K, 0% used [0x00000000ecc80000,0x00000000ecc80000,0x00000000edc00000)
  from space 2048K, 99% used [0x00000000edc00000,0x00000000eddfc860,0x00000000ede00000)
  to   space 2048K, 0% used [0x00000000eed80000,0x00000000eed80000,0x00000000eef80000)
 ParOldGen       total 38912K, used 30265K [0x00000000c6600000, 0x00000000c8c00000, 0x00000000ecc80000)
  object space 38912K, 77% used [0x00000000c6600000,0x00000000c838e460,0x00000000c8c00000)
 PSPermGen       total 21504K, used 16516K [0x00000000c1400000, 0x00000000c2900000, 0x00000000c6600000)
  object space 21504K, 76% used [0x00000000c1400000,0x00000000c2421258,0x00000000c2900000)
}
Event: 11.707 GC heap before
{Heap before GC invocations=4 (full 1):
 PSYoungGen      total 17920K, used 2034K [0x00000000ecc80000, 0x00000000eef80000, 0x0000000100000000)
  eden space 15872K, 0% used [0x00000000ecc80000,0x00000000ecc80000,0x00000000edc00000)
  from space 2048K, 99% used [0x00000000edc00000,0x00000000eddfc860,0x00000000ede00000)
  to   space 2048K, 0% used [0x00000000eed80000,0x00000000eed80000,0x00000000eef80000)
 ParOldGen       total 38912K, used 30265K [0x00000000c6600000, 0x00000000c8c00000, 0x00000000ecc80000)
  object space 38912K, 77% used [0x00000000c6600000,0x00000000c838e460,0x00000000c8c00000)
 PSPermGen       total 21504K, used 16516K [0x00000000c1400000, 0x00000000c2900000, 0x00000000c6600000)
  object space 21504K, 76% used [0x00000000c1400000,0x00000000c2421258,0x00000000c2900000)
Event: 12.423 GC heap after
Heap after GC invocations=4 (full 1):
 PSYoungGen      total 17920K, used 0K [0x00000000ecc80000, 0x00000000eef80000, 0x0000000100000000)
  eden space 15872K, 0% used [0x00000000ecc80000,0x00000000ecc80000,0x00000000edc00000)
  from space 2048K, 0% used [0x00000000edc00000,0x00000000edc00000,0x00000000ede00000)
  to   space 2048K, 0% used [0x00000000eed80000,0x00000000eed80000,0x00000000eef80000)
 ParOldGen       total 72192K, used 31423K [0x00000000c6600000, 0x00000000cac80000, 0x00000000ecc80000)
  object space 72192K, 43% used [0x00000000c6600000,0x00000000c84afe88,0x00000000cac80000)
 PSPermGen       total 33280K, used 16512K [0x00000000c1400000, 0x00000000c3480000, 0x00000000c6600000)
  object space 33280K, 49% used [0x00000000c1400000,0x00000000c2420170,0x00000000c3480000)
}
Event: 21.198 GC heap before
{Heap before GC invocations=5 (full 1):
 PSYoungGen      total 17920K, used 14442K [0x00000000ecc80000, 0x00000000eef80000, 0x0000000100000000)
  eden space 15872K, 90% used [0x00000000ecc80000,0x00000000eda9aae8,0x00000000edc00000)
  from space 2048K, 0% used [0x00000000edc00000,0x00000000edc00000,0x00000000ede00000)
  to   space 2048K, 0% used [0x00000000eed80000,0x00000000eed80000,0x00000000eef80000)
 ParOldGen       total 72192K, used 31423K [0x00000000c6600000, 0x00000000cac80000, 0x00000000ecc80000)
  object space 72192K, 43% used [0x00000000c6600000,0x00000000c84afe88,0x00000000cac80000)
 PSPermGen       total 33280K, used 17316K [0x00000000c1400000, 0x00000000c3480000, 0x00000000c6600000)
  object space 33280K, 52% used [0x00000000c1400000,0x00000000c24e92d8,0x00000000c3480000)
Event: 21.234 GC heap after
Heap after GC invocations=5 (full 1):
 PSYoungGen      total 23552K, used 1056K [0x00000000ecc80000, 0x00000000eef00000, 0x0000000100000000)
  eden space 22016K, 0% used [0x00000000ecc80000,0x00000000ecc80000,0x00000000ee200000)
  from space 1536K, 68% used [0x00000000eed80000,0x00000000eee88000,0x00000000eef00000)
  to   space 2048K, 0% used [0x00000000eeb00000,0x00000000eeb00000,0x00000000eed00000)
 ParOldGen       total 72192K, used 37567K [0x00000000c6600000, 0x00000000cac80000, 0x00000000ecc80000)
  object space 72192K, 52% used [0x00000000c6600000,0x00000000c8aafea8,0x00000000cac80000)
 PSPermGen       total 33280K, used 17316K [0x00000000c1400000, 0x00000000c3480000, 0x00000000c6600000)
  object space 33280K, 52% used [0x00000000c1400000,0x00000000c24e92d8,0x00000000c3480000)
}
Event: 23.626 GC heap before
{Heap before GC invocations=6 (full 1):
 PSYoungGen      total 23552K, used 20046K [0x00000000ecc80000, 0x00000000eef00000, 0x0000000100000000)
  eden space 22016K, 86% used [0x00000000ecc80000,0x00000000edf0bbb0,0x00000000ee200000)
  from space 1536K, 68% used [0x00000000eed80000,0x00000000eee88000,0x00000000eef00000)
  to   space 2048K, 0% used [0x00000000eeb00000,0x00000000eeb00000,0x00000000eed00000)
 ParOldGen       total 72192K, used 37567K [0x00000000c6600000, 0x00000000cac80000, 0x00000000ecc80000)
  object space 72192K, 52% used [0x00000000c6600000,0x00000000c8aafea8,0x00000000cac80000)
 PSPermGen       total 33280K, used 17347K [0x00000000c1400000, 0x00000000c3480000, 0x00000000c6600000)
  object space 33280K, 52% used [0x00000000c1400000,0x00000000c24f0ff0,0x00000000c3480000)
Event: 23.645 GC heap after
Heap after GC invocations=6 (full 1):
 PSYoungGen      total 31232K, used 1056K [0x00000000ecc80000, 0x00000000f0c00000, 0x0000000100000000)
  eden space 29184K, 0% used [0x00000000ecc80000,0x00000000ecc80000,0x00000000ee900000)
  from space 2048K, 51% used [0x00000000eeb00000,0x00000000eec08000,0x00000000eed00000)
  to   space 17920K, 0% used [0x00000000efa80000,0x00000000efa80000,0x00000000f0c00000)
 ParOldGen       total 72192K, used 37575K [0x00000000c6600000, 0x00000000cac80000, 0x00000000ecc80000)
  object space 72192K, 52% used [0x00000000c6600000,0x00000000c8ab1ea8,0x00000000cac80000)
 PSPermGen       total 33280K, used 17347K [0x00000000c1400000, 0x00000000c3480000, 0x00000000c6600000)
  object space 33280K, 52% used [0x00000000c1400000,0x00000000c24f0ff0,0x00000000c3480000)
}

