# JRE version: Java(TM) SE Runtime Environment (7.0_40-b43) (build 1.7.0_40-b43)
# Java VM: Java HotSpot(TM) 64-Bit Server VM (24.0-b56 mixed mode linux-amd64 compressed oops)
Heap
 PSYoungGen      total 29184K, used 14865K [0x00000000ecc80000, 0x00000000f0d00000, 0x0000000100000000)
  eden space 27136K, 50% used [0x00000000ecc80000,0x00000000ed9fc548,0x00000000ee700000)
  from space 2048K, 51% used [0x00000000eeb00000,0x00000000eec08000,0x00000000eed00000)
  to   space 19456K, 0% used [0x00000000efa00000,0x00000000efa00000,0x00000000f0d00000)
 ParOldGen       total 73728K, used 37279K [0x00000000c6600000, 0x00000000cae00000, 0x00000000ecc80000)
  object space 73728K, 50% used [0x00000000c6600000,0x00000000c8a67d68,0x00000000cae00000)
 PSPermGen       total 33280K, used 17483K [0x00000000c1400000, 0x00000000c3480000, 0x00000000c6600000)
  object space 33280K, 52% used [0x00000000c1400000,0x00000000c2512fe0,0x00000000c3480000)
GC Heap History (10 events):
Event: 9.798 GC heap before
{Heap before GC invocations=2 (full 0):
 PSYoungGen      total 17920K, used 17907K [0x00000000ecc80000, 0x00000000ee000000, 0x0000000100000000)
  eden space 15872K, 100% used [0x00000000ecc80000,0x00000000edc00000,0x00000000edc00000)
  from space 2048K, 99% used [0x00000000edc00000,0x00000000eddfcde0,0x00000000ede00000)
  to   space 2048K, 0% used [0x00000000ede00000,0x00000000ede00000,0x00000000ee000000)
 ParOldGen       total 38912K, used 9226K [0x00000000c6600000, 0x00000000c8c00000, 0x00000000ecc80000)
  object space 38912K, 23% used [0x00000000c6600000,0x00000000c6f02a78,0x00000000c8c00000)
 PSPermGen       total 21504K, used 16509K [0x00000000c1400000, 0x00000000c2900000, 0x00000000c6600000)
  object space 21504K, 76% used [0x00000000c1400000,0x00000000c241f7f8,0x00000000c2900000)
Event: 9.871 GC heap after
Heap after GC invocations=2 (full 0):
 PSYoungGen      total 17920K, used 2018K [0x00000000ecc80000, 0x00000000eef80000, 0x0000000100000000)
  eden space 15872K, 0% used [0x00000000ecc80000,0x00000000ecc80000,0x00000000edc00000)
  from space 2048K, 98% used [0x00000000ede00000,0x00000000edff8870,0x00000000ee000000)
  to   space 2048K, 0% used [0x00000000edc00000,0x00000000edc00000,0x00000000ede00000)
 ParOldGen       total 38912K, used 15471K [0x00000000c6600000, 0x00000000c8c00000, 0x00000000ecc80000)
  object space 38912K, 39% used [0x00000000c6600000,0x00000000c751bd08,0x00000000c8c00000)
 PSPermGen       total 21504K, used 16509K [0x00000000c1400000, 0x00000000c2900000, 0x00000000c6600000)
  object space 21504K, 76% used [0x00000000c1400000,0x00000000c241f7f8,0x00000000c2900000)
}
Event: 11.176 GC heap before
{Heap before GC invocations=3 (full 0):
 PSYoungGen      total 17920K, used 17208K [0x00000000ecc80000, 0x00000000eef80000, 0x0000000100000000)
  eden space 15872K, 95% used [0x00000000ecc80000,0x00000000edb55820,0x00000000edc00000)
  from space 2048K, 98% used [0x00000000ede00000,0x00000000edff8870,0x00000000ee000000)
  to   space 2048K, 0% used [0x00000000edc00000,0x00000000edc00000,0x00000000ede00000)
 ParOldGen       total 38912K, used 15471K [0x00000000c6600000, 0x00000000c8c00000, 0x00000000ecc80000)
  object space 38912K, 39% used [0x00000000c6600000,0x00000000c751bd08,0x00000000c8c00000)
 PSPermGen       total 21504K, used 16509K [0x00000000c1400000, 0x00000000c2900000, 0x00000000c6600000)
  object space 21504K, 76% used [0x00000000c1400000,0x00000000c241f7f8,0x00000000c2900000)
Event: 11.329 GC heap after
Heap after GC invocations=3 (full 0):
 PSYoungGen      total 17920K, used 2018K [0x00000000ecc80000, 0x00000000eef80000, 0x0000000100000000)
  eden space 15872K, 0% used [0x00000000ecc80000,0x00000000ecc80000,0x00000000edc00000)
  from space 2048K, 98% used [0x00000000edc00000,0x00000000eddf8870,0x00000000ede00000)
  to   space 2048K, 0% used [0x00000000eed80000,0x00000000eed80000,0x00000000eef80000)
 ParOldGen       total 38912K, used 30676K [0x00000000c6600000, 0x00000000c8c00000, 0x00000000ecc80000)
  object space 38912K, 78% used [0x00000000c6600000,0x00000000c83f5078,0x00000000c8c00000)
 PSPermGen       total 21504K, used 16509K [0x00000000c1400000, 0x00000000c2900000, 0x00000000c6600000)
  object space 21504K, 76% used [0x00000000c1400000,0x00000000c241f7f8,0x00000000c2900000)
}
Event: 11.329 GC heap before
{Heap before GC invocations=4 (full 1):
 PSYoungGen      total 17920K, used 2018K [0x00000000ecc80000, 0x00000000eef80000, 0x0000000100000000)
  eden space 15872K, 0% used [0x00000000ecc80000,0x00000000ecc80000,0x00000000edc00000)
  from space 2048K, 98% used [0x00000000edc00000,0x00000000eddf8870,0x00000000ede00000)
  to   space 2048K, 0% used [0x00000000eed80000,0x00000000eed80000,0x00000000eef80000)
 ParOldGen       total 38912K, used 30676K [0x00000000c6600000, 0x00000000c8c00000, 0x00000000ecc80000)
  object space 38912K, 78% used [0x00000000c6600000,0x00000000c83f5078,0x00000000c8c00000)
 PSPermGen       total 21504K, used 16509K [0x00000000c1400000, 0x00000000c2900000, 0x00000000c6600000)
  object space 21504K, 76% used [0x00000000c1400000,0x00000000c241f7f8,0x00000000c2900000)
Event: 12.187 GC heap after
Heap after GC invocations=4 (full 1):
 PSYoungGen      total 17920K, used 0K [0x00000000ecc80000, 0x00000000eef80000, 0x0000000100000000)
  eden space 15872K, 0% used [0x00000000ecc80000,0x00000000ecc80000,0x00000000edc00000)
  from space 2048K, 0% used [0x00000000edc00000,0x00000000edc00000,0x00000000ede00000)
  to   space 2048K, 0% used [0x00000000eed80000,0x00000000eed80000,0x00000000eef80000)
 ParOldGen       total 73728K, used 31127K [0x00000000c6600000, 0x00000000cae00000, 0x00000000ecc80000)
  object space 73728K, 42% used [0x00000000c6600000,0x00000000c8465d48,0x00000000cae00000)
 PSPermGen       total 33280K, used 16505K [0x00000000c1400000, 0x00000000c3480000, 0x00000000c6600000)
  object space 33280K, 49% used [0x00000000c1400000,0x00000000c241e710,0x00000000c3480000)
}
Event: 17.250 GC heap before
{Heap before GC invocations=5 (full 1):
 PSYoungGen      total 17920K, used 14431K [0x00000000ecc80000, 0x00000000eef80000, 0x0000000100000000)
  eden space 15872K, 90% used [0x00000000ecc80000,0x00000000eda97fb8,0x00000000edc00000)
  from space 2048K, 0% used [0x00000000edc00000,0x00000000edc00000,0x00000000ede00000)
  to   space 2048K, 0% used [0x00000000eed80000,0x00000000eed80000,0x00000000eef80000)
 ParOldGen       total 73728K, used 31127K [0x00000000c6600000, 0x00000000cae00000, 0x00000000ecc80000)
  object space 73728K, 42% used [0x00000000c6600000,0x00000000c8465d48,0x00000000cae00000)
 PSPermGen       total 33280K, used 17311K [0x00000000c1400000, 0x00000000c3480000, 0x00000000c6600000)
  object space 33280K, 52% used [0x00000000c1400000,0x00000000c24e7f28,0x00000000c3480000)
Event: 17.276 GC heap after
Heap after GC invocations=5 (full 1):
 PSYoungGen      total 22528K, used 1056K [0x00000000ecc80000, 0x00000000eef00000, 0x0000000100000000)
  eden space 20992K, 0% used [0x00000000ecc80000,0x00000000ecc80000,0x00000000ee100000)
  from space 1536K, 68% used [0x00000000eed80000,0x00000000eee88000,0x00000000eef00000)
  to   space 2048K, 0% used [0x00000000eeb00000,0x00000000eeb00000,0x00000000eed00000)
 ParOldGen       total 73728K, used 37271K [0x00000000c6600000, 0x00000000cae00000, 0x00000000ecc80000)
  object space 73728K, 50% used [0x00000000c6600000,0x00000000c8a65d68,0x00000000cae00000)
 PSPermGen       total 33280K, used 17311K [0x00000000c1400000, 0x00000000c3480000, 0x00000000c6600000)
  object space 33280K, 52% used [0x00000000c1400000,0x00000000c24e7f28,0x00000000c3480000)
}
Event: 19.584 GC heap before
{Heap before GC invocations=6 (full 1):
 PSYoungGen      total 22528K, used 19948K [0x00000000ecc80000, 0x00000000eef00000, 0x0000000100000000)
  eden space 20992K, 89% used [0x00000000ecc80000,0x00000000edef3038,0x00000000ee100000)
  from space 1536K, 68% used [0x00000000eed80000,0x00000000eee88000,0x00000000eef00000)
  to   space 2048K, 0% used [0x00000000eeb00000,0x00000000eeb00000,0x00000000eed00000)
 ParOldGen       total 73728K, used 37271K [0x00000000c6600000, 0x00000000cae00000, 0x00000000ecc80000)
  object space 73728K, 50% used [0x00000000c6600000,0x00000000c8a65d68,0x00000000cae00000)
 PSPermGen       total 33280K, used 17338K [0x00000000c1400000, 0x00000000c3480000, 0x00000000c6600000)
  object space 33280K, 52% used [0x00000000c1400000,0x00000000c24eea90,0x00000000c3480000)
Event: 19.602 GC heap after
Heap after GC invocations=6 (full 1):
 PSYoungGen      total 29184K, used 1056K [0x00000000ecc80000, 0x00000000f0d00000, 0x0000000100000000)
  eden space 27136K, 0% used [0x00000000ecc80000,0x00000000ecc80000,0x00000000ee700000)
  from space 2048K, 51% used [0x00000000eeb00000,0x00000000eec08000,0x00000000eed00000)
  to   space 19456K, 0% used [0x00000000efa00000,0x00000000efa00000,0x00000000f0d00000)
 ParOldGen       total 73728K, used 37279K [0x00000000c6600000, 0x00000000cae00000, 0x00000000ecc80000)
  object space 73728K, 50% used [0x00000000c6600000,0x00000000c8a67d68,0x00000000cae00000)
 PSPermGen       total 33280K, used 17338K [0x00000000c1400000, 0x00000000c3480000, 0x00000000c6600000)
  object space 33280K, 52% used [0x00000000c1400000,0x00000000c24eea90,0x00000000c3480000)
}

