# JRE version: Java(TM) SE Runtime Environment (7.0_40-b43) (build 1.7.0_40-b43)
# Java VM: Java HotSpot(TM) 64-Bit Server VM (24.0-b56 mixed mode linux-amd64 compressed oops)
Heap
 PSYoungGen      total 27648K, used 21508K [0x00000000ecc80000, 0x00000000f0880000, 0x0000000100000000)
  eden space 25600K, 76% used [0x00000000ecc80000,0x00000000edf853c0,0x00000000ee580000)
  from space 2048K, 99% used [0x00000000eeb80000,0x00000000eed7c010,0x00000000eed80000)
  to   space 17920K, 0% used [0x00000000ef700000,0x00000000ef700000,0x00000000f0880000)
 ParOldGen       total 68096K, used 37774K [0x00000000c6600000, 0x00000000ca880000, 0x00000000ecc80000)
  object space 68096K, 55% used [0x00000000c6600000,0x00000000c8ae3a80,0x00000000ca880000)
 PSPermGen       total 33280K, used 17483K [0x00000000c1400000, 0x00000000c3480000, 0x00000000c6600000)
  object space 33280K, 52% used [0x00000000c1400000,0x00000000c2512da0,0x00000000c3480000)
GC Heap History (10 events):
Event: 9.943 GC heap before
{Heap before GC invocations=2 (full 0):
 PSYoungGen      total 17920K, used 17718K [0x00000000ecc80000, 0x00000000ee000000, 0x0000000100000000)
  eden space 15872K, 98% used [0x00000000ecc80000,0x00000000edbce1f8,0x00000000edc00000)
  from space 2048K, 99% used [0x00000000edc00000,0x00000000eddff640,0x00000000ede00000)
  to   space 2048K, 0% used [0x00000000ede00000,0x00000000ede00000,0x00000000ee000000)
 ParOldGen       total 38912K, used 3614K [0x00000000c6600000, 0x00000000c8c00000, 0x00000000ecc80000)
  object space 38912K, 9% used [0x00000000c6600000,0x00000000c6987930,0x00000000c8c00000)
 PSPermGen       total 21504K, used 16507K [0x00000000c1400000, 0x00000000c2900000, 0x00000000c6600000)
  object space 21504K, 76% used [0x00000000c1400000,0x00000000c241eef8,0x00000000c2900000)
Event: 10.001 GC heap after
Heap after GC invocations=2 (full 0):
 PSYoungGen      total 17920K, used 2019K [0x00000000ecc80000, 0x00000000eef80000, 0x0000000100000000)
  eden space 15872K, 0% used [0x00000000ecc80000,0x00000000ecc80000,0x00000000edc00000)
  from space 2048K, 98% used [0x00000000ede00000,0x00000000edff8f60,0x00000000ee000000)
  to   space 2048K, 0% used [0x00000000edc00000,0x00000000edc00000,0x00000000ede00000)
 ParOldGen       total 38912K, used 7828K [0x00000000c6600000, 0x00000000c8c00000, 0x00000000ecc80000)
  object space 38912K, 20% used [0x00000000c6600000,0x00000000c6da5198,0x00000000c8c00000)
 PSPermGen       total 21504K, used 16507K [0x00000000c1400000, 0x00000000c2900000, 0x00000000c6600000)
  object space 21504K, 76% used [0x00000000c1400000,0x00000000c241eef8,0x00000000c2900000)
}
Event: 11.325 GC heap before
{Heap before GC invocations=3 (full 0):
 PSYoungGen      total 17920K, used 17702K [0x00000000ecc80000, 0x00000000eef80000, 0x0000000100000000)
  eden space 15872K, 98% used [0x00000000ecc80000,0x00000000edbd0b50,0x00000000edc00000)
  from space 2048K, 98% used [0x00000000ede00000,0x00000000edff8f60,0x00000000ee000000)
  to   space 2048K, 0% used [0x00000000edc00000,0x00000000edc00000,0x00000000ede00000)
 ParOldGen       total 38912K, used 7828K [0x00000000c6600000, 0x00000000c8c00000, 0x00000000ecc80000)
  object space 38912K, 20% used [0x00000000c6600000,0x00000000c6da5198,0x00000000c8c00000)
 PSPermGen       total 21504K, used 16509K [0x00000000c1400000, 0x00000000c2900000, 0x00000000c6600000)
  object space 21504K, 76% used [0x00000000c1400000,0x00000000c241f7f8,0x00000000c2900000)
Event: 11.430 GC heap after
Heap after GC invocations=3 (full 0):
 PSYoungGen      total 17920K, used 2018K [0x00000000ecc80000, 0x00000000eef80000, 0x0000000100000000)
  eden space 15872K, 0% used [0x00000000ecc80000,0x00000000ecc80000,0x00000000edc00000)
  from space 2048K, 98% used [0x00000000edc00000,0x00000000eddf8870,0x00000000ede00000)
  to   space 2048K, 0% used [0x00000000eed80000,0x00000000eed80000,0x00000000eef80000)
 ParOldGen       total 38912K, used 23467K [0x00000000c6600000, 0x00000000c8c00000, 0x00000000ecc80000)
  object space 38912K, 60% used [0x00000000c6600000,0x00000000c7ceada0,0x00000000c8c00000)
 PSPermGen       total 21504K, used 16509K [0x00000000c1400000, 0x00000000c2900000, 0x00000000c6600000)
  object space 21504K, 76% used [0x00000000c1400000,0x00000000c241f7f8,0x00000000c2900000)
}
Event: 11.430 GC heap before
{Heap before GC invocations=4 (full 1):
 PSYoungGen      total 17920K, used 2018K [0x00000000ecc80000, 0x00000000eef80000, 0x0000000100000000)
  eden space 15872K, 0% used [0x00000000ecc80000,0x00000000ecc80000,0x00000000edc00000)
  from space 2048K, 98% used [0x00000000edc00000,0x00000000eddf8870,0x00000000ede00000)
  to   space 2048K, 0% used [0x00000000eed80000,0x00000000eed80000,0x00000000eef80000)
 ParOldGen       total 38912K, used 23467K [0x00000000c6600000, 0x00000000c8c00000, 0x00000000ecc80000)
  object space 38912K, 60% used [0x00000000c6600000,0x00000000c7ceada0,0x00000000c8c00000)
 PSPermGen       total 21504K, used 16509K [0x00000000c1400000, 0x00000000c2900000, 0x00000000c6600000)
  object space 21504K, 76% used [0x00000000c1400000,0x00000000c241f7f8,0x00000000c2900000)
Event: 12.299 GC heap after
Heap after GC invocations=4 (full 1):
 PSYoungGen      total 17920K, used 0K [0x00000000ecc80000, 0x00000000eef80000, 0x0000000100000000)
  eden space 15872K, 0% used [0x00000000ecc80000,0x00000000ecc80000,0x00000000edc00000)
  from space 2048K, 0% used [0x00000000edc00000,0x00000000edc00000,0x00000000ede00000)
  to   space 2048K, 0% used [0x00000000eed80000,0x00000000eed80000,0x00000000eef80000)
 ParOldGen       total 68096K, used 24723K [0x00000000c6600000, 0x00000000ca880000, 0x00000000ecc80000)
  object space 68096K, 36% used [0x00000000c6600000,0x00000000c7e24c18,0x00000000ca880000)
 PSPermGen       total 33280K, used 16505K [0x00000000c1400000, 0x00000000c3480000, 0x00000000c6600000)
  object space 33280K, 49% used [0x00000000c1400000,0x00000000c241e710,0x00000000c3480000)
}
Event: 16.065 GC heap before
{Heap before GC invocations=5 (full 1):
 PSYoungGen      total 17920K, used 15872K [0x00000000ecc80000, 0x00000000eef80000, 0x0000000100000000)
  eden space 15872K, 100% used [0x00000000ecc80000,0x00000000edc00000,0x00000000edc00000)
  from space 2048K, 0% used [0x00000000edc00000,0x00000000edc00000,0x00000000ede00000)
  to   space 2048K, 0% used [0x00000000eed80000,0x00000000eed80000,0x00000000eef80000)
 ParOldGen       total 68096K, used 24723K [0x00000000c6600000, 0x00000000ca880000, 0x00000000ecc80000)
  object space 68096K, 36% used [0x00000000c6600000,0x00000000c7e24c18,0x00000000ca880000)
 PSPermGen       total 33280K, used 17122K [0x00000000c1400000, 0x00000000c3480000, 0x00000000c6600000)
  object space 33280K, 51% used [0x00000000c1400000,0x00000000c24b8b70,0x00000000c3480000)
Event: 16.130 GC heap after
Heap after GC invocations=5 (full 1):
 PSYoungGen      total 22528K, used 1904K [0x00000000ecc80000, 0x00000000eef80000, 0x0000000100000000)
  eden space 20480K, 0% used [0x00000000ecc80000,0x00000000ecc80000,0x00000000ee080000)
  from space 2048K, 92% used [0x00000000eed80000,0x00000000eef5c010,0x00000000eef80000)
  to   space 2048K, 0% used [0x00000000eeb80000,0x00000000eeb80000,0x00000000eed80000)
 ParOldGen       total 68096K, used 36339K [0x00000000c6600000, 0x00000000ca880000, 0x00000000ecc80000)
  object space 68096K, 53% used [0x00000000c6600000,0x00000000c897cc68,0x00000000ca880000)
 PSPermGen       total 33280K, used 17122K [0x00000000c1400000, 0x00000000c3480000, 0x00000000c6600000)
  object space 33280K, 51% used [0x00000000c1400000,0x00000000c24b8b70,0x00000000c3480000)
}
Event: 20.098 GC heap before
{Heap before GC invocations=6 (full 1):
 PSYoungGen      total 22528K, used 19847K [0x00000000ecc80000, 0x00000000eef80000, 0x0000000100000000)
  eden space 20480K, 87% used [0x00000000ecc80000,0x00000000ede05e78,0x00000000ee080000)
  from space 2048K, 92% used [0x00000000eed80000,0x00000000eef5c010,0x00000000eef80000)
  to   space 2048K, 0% used [0x00000000eeb80000,0x00000000eeb80000,0x00000000eed80000)
 ParOldGen       total 68096K, used 36339K [0x00000000c6600000, 0x00000000ca880000, 0x00000000ecc80000)
  object space 68096K, 53% used [0x00000000c6600000,0x00000000c897cc68,0x00000000ca880000)
 PSPermGen       total 33280K, used 17350K [0x00000000c1400000, 0x00000000c3480000, 0x00000000c6600000)
  object space 33280K, 52% used [0x00000000c1400000,0x00000000c24f1ad8,0x00000000c3480000)
Event: 20.119 GC heap after
Heap after GC invocations=6 (full 1):
 PSYoungGen      total 27648K, used 2032K [0x00000000ecc80000, 0x00000000f0880000, 0x0000000100000000)
  eden space 25600K, 0% used [0x00000000ecc80000,0x00000000ecc80000,0x00000000ee580000)
  from space 2048K, 99% used [0x00000000eeb80000,0x00000000eed7c010,0x00000000eed80000)
  to   space 17920K, 0% used [0x00000000ef700000,0x00000000ef700000,0x00000000f0880000)
 ParOldGen       total 68096K, used 37774K [0x00000000c6600000, 0x00000000ca880000, 0x00000000ecc80000)
  object space 68096K, 55% used [0x00000000c6600000,0x00000000c8ae3a80,0x00000000ca880000)
 PSPermGen       total 33280K, used 17350K [0x00000000c1400000, 0x00000000c3480000, 0x00000000c6600000)
  object space 33280K, 52% used [0x00000000c1400000,0x00000000c24f1ad8,0x00000000c3480000)
}

