# JRE version: Java(TM) SE Runtime Environment (7.0_40-b43) (build 1.7.0_40-b43)
# Java VM: Java HotSpot(TM) 64-Bit Server VM (24.0-b56 mixed mode linux-amd64 compressed oops)
Heap
 PSYoungGen      total 29696K, used 18433K [0x00000000ecc80000, 0x00000000f0c80000, 0x0000000100000000)
  eden space 27648K, 59% used [0x00000000ecc80000,0x00000000edc84470,0x00000000ee780000)
  from space 2048K, 99% used [0x00000000eeb80000,0x00000000eed7c010,0x00000000eed80000)
  to   space 18944K, 0% used [0x00000000efa00000,0x00000000efa00000,0x00000000f0c80000)
 ParOldGen       total 68096K, used 37574K [0x00000000c6600000, 0x00000000ca880000, 0x00000000ecc80000)
  object space 68096K, 55% used [0x00000000c6600000,0x00000000c8ab1b28,0x00000000ca880000)
 PSPermGen       total 33280K, used 17468K [0x00000000c1400000, 0x00000000c3480000, 0x00000000c6600000)
  object space 33280K, 52% used [0x00000000c1400000,0x00000000c250f2d8,0x00000000c3480000)
GC Heap History (10 events):
Event: 9.828 GC heap before
{Heap before GC invocations=2 (full 0):
 PSYoungGen      total 17920K, used 16818K [0x00000000ecc80000, 0x00000000ee000000, 0x0000000100000000)
  eden space 15872K, 93% used [0x00000000ecc80000,0x00000000edaf3ad0,0x00000000edc00000)
  from space 2048K, 98% used [0x00000000edc00000,0x00000000eddf8db0,0x00000000ede00000)
  to   space 2048K, 0% used [0x00000000ede00000,0x00000000ede00000,0x00000000ee000000)
 ParOldGen       total 38912K, used 4141K [0x00000000c6600000, 0x00000000c8c00000, 0x00000000ecc80000)
  object space 38912K, 10% used [0x00000000c6600000,0x00000000c6a0b620,0x00000000c8c00000)
 PSPermGen       total 21504K, used 16507K [0x00000000c1400000, 0x00000000c2900000, 0x00000000c6600000)
  object space 21504K, 76% used [0x00000000c1400000,0x00000000c241eed0,0x00000000c2900000)
Event: 9.900 GC heap after
Heap after GC invocations=2 (full 0):
 PSYoungGen      total 17920K, used 2034K [0x00000000ecc80000, 0x00000000eef80000, 0x0000000100000000)
  eden space 15872K, 0% used [0x00000000ecc80000,0x00000000ecc80000,0x00000000edc00000)
  from space 2048K, 99% used [0x00000000ede00000,0x00000000edffc880,0x00000000ee000000)
  to   space 2048K, 0% used [0x00000000edc00000,0x00000000edc00000,0x00000000ede00000)
 ParOldGen       total 38912K, used 9257K [0x00000000c6600000, 0x00000000c8c00000, 0x00000000ecc80000)
  object space 38912K, 23% used [0x00000000c6600000,0x00000000c6f0a608,0x00000000c8c00000)
 PSPermGen       total 21504K, used 16507K [0x00000000c1400000, 0x00000000c2900000, 0x00000000c6600000)
  object space 21504K, 76% used [0x00000000c1400000,0x00000000c241eed0,0x00000000c2900000)
}
Event: 11.215 GC heap before
{Heap before GC invocations=3 (full 0):
 PSYoungGen      total 17920K, used 17741K [0x00000000ecc80000, 0x00000000eef80000, 0x0000000100000000)
  eden space 15872K, 98% used [0x00000000ecc80000,0x00000000edbd6ed0,0x00000000edc00000)
  from space 2048K, 99% used [0x00000000ede00000,0x00000000edffc880,0x00000000ee000000)
  to   space 2048K, 0% used [0x00000000edc00000,0x00000000edc00000,0x00000000ede00000)
 ParOldGen       total 38912K, used 9257K [0x00000000c6600000, 0x00000000c8c00000, 0x00000000ecc80000)
  object space 38912K, 23% used [0x00000000c6600000,0x00000000c6f0a608,0x00000000c8c00000)
 PSPermGen       total 21504K, used 16509K [0x00000000c1400000, 0x00000000c2900000, 0x00000000c6600000)
  object space 21504K, 76% used [0x00000000c1400000,0x00000000c241f7d0,0x00000000c2900000)
Event: 11.334 GC heap after
Heap after GC invocations=3 (full 0):
 PSYoungGen      total 17920K, used 2018K [0x00000000ecc80000, 0x00000000eef80000, 0x0000000100000000)
  eden space 15872K, 0% used [0x00000000ecc80000,0x00000000ecc80000,0x00000000edc00000)
  from space 2048K, 98% used [0x00000000edc00000,0x00000000eddf8850,0x00000000ede00000)
  to   space 2048K, 0% used [0x00000000eed80000,0x00000000eed80000,0x00000000eef80000)
 ParOldGen       total 38912K, used 24913K [0x00000000c6600000, 0x00000000c8c00000, 0x00000000ecc80000)
  object space 38912K, 64% used [0x00000000c6600000,0x00000000c7e54670,0x00000000c8c00000)
 PSPermGen       total 21504K, used 16509K [0x00000000c1400000, 0x00000000c2900000, 0x00000000c6600000)
  object space 21504K, 76% used [0x00000000c1400000,0x00000000c241f7d0,0x00000000c2900000)
}
Event: 11.334 GC heap before
{Heap before GC invocations=4 (full 1):
 PSYoungGen      total 17920K, used 2018K [0x00000000ecc80000, 0x00000000eef80000, 0x0000000100000000)
  eden space 15872K, 0% used [0x00000000ecc80000,0x00000000ecc80000,0x00000000edc00000)
  from space 2048K, 98% used [0x00000000edc00000,0x00000000eddf8850,0x00000000ede00000)
  to   space 2048K, 0% used [0x00000000eed80000,0x00000000eed80000,0x00000000eef80000)
 ParOldGen       total 38912K, used 24913K [0x00000000c6600000, 0x00000000c8c00000, 0x00000000ecc80000)
  object space 38912K, 64% used [0x00000000c6600000,0x00000000c7e54670,0x00000000c8c00000)
 PSPermGen       total 21504K, used 16509K [0x00000000c1400000, 0x00000000c2900000, 0x00000000c6600000)
  object space 21504K, 76% used [0x00000000c1400000,0x00000000c241f7d0,0x00000000c2900000)
Event: 12.060 GC heap after
Heap after GC invocations=4 (full 1):
 PSYoungGen      total 17920K, used 0K [0x00000000ecc80000, 0x00000000eef80000, 0x0000000100000000)
  eden space 15872K, 0% used [0x00000000ecc80000,0x00000000ecc80000,0x00000000edc00000)
  from space 2048K, 0% used [0x00000000edc00000,0x00000000edc00000,0x00000000ede00000)
  to   space 2048K, 0% used [0x00000000eed80000,0x00000000eed80000,0x00000000eef80000)
 ParOldGen       total 68096K, used 25703K [0x00000000c6600000, 0x00000000ca880000, 0x00000000ecc80000)
  object space 68096K, 37% used [0x00000000c6600000,0x00000000c7f19d68,0x00000000ca880000)
 PSPermGen       total 33280K, used 16505K [0x00000000c1400000, 0x00000000c3480000, 0x00000000c6600000)
  object space 33280K, 49% used [0x00000000c1400000,0x00000000c241e6e8,0x00000000c3480000)
}
Event: 16.145 GC heap before
{Heap before GC invocations=5 (full 1):
 PSYoungGen      total 17920K, used 15872K [0x00000000ecc80000, 0x00000000eef80000, 0x0000000100000000)
  eden space 15872K, 100% used [0x00000000ecc80000,0x00000000edc00000,0x00000000edc00000)
  from space 2048K, 0% used [0x00000000edc00000,0x00000000edc00000,0x00000000ede00000)
  to   space 2048K, 0% used [0x00000000eed80000,0x00000000eed80000,0x00000000eef80000)
 ParOldGen       total 68096K, used 25703K [0x00000000c6600000, 0x00000000ca880000, 0x00000000ecc80000)
  object space 68096K, 37% used [0x00000000c6600000,0x00000000c7f19d68,0x00000000ca880000)
 PSPermGen       total 33280K, used 17131K [0x00000000c1400000, 0x00000000c3480000, 0x00000000c6600000)
  object space 33280K, 51% used [0x00000000c1400000,0x00000000c24bac80,0x00000000c3480000)
Event: 16.201 GC heap after
Heap after GC invocations=5 (full 1):
 PSYoungGen      total 23552K, used 2032K [0x00000000ecc80000, 0x00000000eef80000, 0x0000000100000000)
  eden space 21504K, 0% used [0x00000000ecc80000,0x00000000ecc80000,0x00000000ee180000)
  from space 2048K, 99% used [0x00000000eed80000,0x00000000eef7c010,0x00000000eef80000)
  to   space 2048K, 0% used [0x00000000eeb80000,0x00000000eeb80000,0x00000000eed80000)
 ParOldGen       total 68096K, used 36199K [0x00000000c6600000, 0x00000000ca880000, 0x00000000ecc80000)
  object space 68096K, 53% used [0x00000000c6600000,0x00000000c8959da8,0x00000000ca880000)
 PSPermGen       total 33280K, used 17131K [0x00000000c1400000, 0x00000000c3480000, 0x00000000c6600000)
  object space 33280K, 51% used [0x00000000c1400000,0x00000000c24bac80,0x00000000c3480000)
}
Event: 19.376 GC heap before
{Heap before GC invocations=6 (full 1):
 PSYoungGen      total 23552K, used 21716K [0x00000000ecc80000, 0x00000000eef80000, 0x0000000100000000)
  eden space 21504K, 91% used [0x00000000ecc80000,0x00000000edfb9198,0x00000000ee180000)
  from space 2048K, 99% used [0x00000000eed80000,0x00000000eef7c010,0x00000000eef80000)
  to   space 2048K, 0% used [0x00000000eeb80000,0x00000000eeb80000,0x00000000eed80000)
 ParOldGen       total 68096K, used 36199K [0x00000000c6600000, 0x00000000ca880000, 0x00000000ecc80000)
  object space 68096K, 53% used [0x00000000c6600000,0x00000000c8959da8,0x00000000ca880000)
 PSPermGen       total 33280K, used 17335K [0x00000000c1400000, 0x00000000c3480000, 0x00000000c6600000)
  object space 33280K, 52% used [0x00000000c1400000,0x00000000c24ede28,0x00000000c3480000)
Event: 19.402 GC heap after
Heap after GC invocations=6 (full 1):
 PSYoungGen      total 29696K, used 2032K [0x00000000ecc80000, 0x00000000f0c80000, 0x0000000100000000)
  eden space 27648K, 0% used [0x00000000ecc80000,0x00000000ecc80000,0x00000000ee780000)
  from space 2048K, 99% used [0x00000000eeb80000,0x00000000eed7c010,0x00000000eed80000)
  to   space 18944K, 0% used [0x00000000efa00000,0x00000000efa00000,0x00000000f0c80000)
 ParOldGen       total 68096K, used 37574K [0x00000000c6600000, 0x00000000ca880000, 0x00000000ecc80000)
  object space 68096K, 55% used [0x00000000c6600000,0x00000000c8ab1b28,0x00000000ca880000)
 PSPermGen       total 33280K, used 17335K [0x00000000c1400000, 0x00000000c3480000, 0x00000000c6600000)
  object space 33280K, 52% used [0x00000000c1400000,0x00000000c24ede28,0x00000000c3480000)
}

